{"/Users/mac/Desktop/backendOstedhy/src/controller/comment.controller.ts": {"path":"/Users/mac/Desktop/backendOstedhy/src/controller/comment.controller.ts","statementMap":{"0":{"start":{"line":2,"column":0},"end":{"line":2,"column":57}},"1":{"start":{"line":3,"column":0},"end":{"line":3,"column":49}},"2":{"start":{"line":6,"column":9},"end":{"line":6,"column":26}},"3":{"start":{"line":6,"column":92},"end":{"line":9,"column":null}},"4":{"start":{"line":7,"column":19},"end":{"line":7,"column":56}},"5":{"start":{"line":8,"column":4},"end":{"line":8,"column":33}},"6":{"start":{"line":11,"column":9},"end":{"line":11,"column":26}},"7":{"start":{"line":11,"column":92},"end":{"line":15,"column":null}},"8":{"start":{"line":12,"column":21},"end":{"line":12,"column":78}},"9":{"start":{"line":13,"column":6},"end":{"line":13,"column":35}},"10":{"start":{"line":17,"column":9},"end":{"line":17,"column":25}},"11":{"start":{"line":17,"column":91},"end":{"line":20,"column":null}},"12":{"start":{"line":18,"column":19},"end":{"line":18,"column":63}},"13":{"start":{"line":19,"column":4},"end":{"line":19,"column":33}},"14":{"start":{"line":22,"column":9},"end":{"line":22,"column":29}},"15":{"start":{"line":22,"column":95},"end":{"line":25,"column":null}},"16":{"start":{"line":23,"column":21},"end":{"line":23,"column":91}},"17":{"start":{"line":24,"column":6},"end":{"line":24,"column":35}},"18":{"start":{"line":27,"column":9},"end":{"line":27,"column":29}},"19":{"start":{"line":27,"column":95},"end":{"line":31,"column":null}},"20":{"start":{"line":28,"column":21},"end":{"line":28,"column":81}},"21":{"start":{"line":29,"column":6},"end":{"line":29,"column":35}},"22":{"start":{"line":34,"column":0},"end":{"line":34,"column":33}}},"fnMap":{"0":{"name":"(anonymous_8)","decl":{"start":{"line":6,"column":39},"end":{"line":6,"column":46}},"loc":{"start":{"line":6,"column":92},"end":{"line":9,"column":null}}},"1":{"name":"(anonymous_9)","decl":{"start":{"line":6,"column":92},"end":{"line":6,"column":null}},"loc":{"start":{"line":6,"column":92},"end":{"line":9,"column":3}}},"2":{"name":"(anonymous_10)","decl":{"start":{"line":11,"column":39},"end":{"line":11,"column":46}},"loc":{"start":{"line":11,"column":92},"end":{"line":15,"column":null}}},"3":{"name":"(anonymous_11)","decl":{"start":{"line":11,"column":92},"end":{"line":11,"column":null}},"loc":{"start":{"line":11,"column":92},"end":{"line":15,"column":3}}},"4":{"name":"(anonymous_12)","decl":{"start":{"line":17,"column":38},"end":{"line":17,"column":45}},"loc":{"start":{"line":17,"column":91},"end":{"line":20,"column":null}}},"5":{"name":"(anonymous_13)","decl":{"start":{"line":17,"column":91},"end":{"line":17,"column":null}},"loc":{"start":{"line":17,"column":91},"end":{"line":20,"column":3}}},"6":{"name":"(anonymous_14)","decl":{"start":{"line":22,"column":42},"end":{"line":22,"column":49}},"loc":{"start":{"line":22,"column":95},"end":{"line":25,"column":null}}},"7":{"name":"(anonymous_15)","decl":{"start":{"line":22,"column":95},"end":{"line":22,"column":null}},"loc":{"start":{"line":22,"column":95},"end":{"line":25,"column":3}}},"8":{"name":"(anonymous_16)","decl":{"start":{"line":27,"column":42},"end":{"line":27,"column":49}},"loc":{"start":{"line":27,"column":95},"end":{"line":31,"column":null}}},"9":{"name":"(anonymous_17)","decl":{"start":{"line":27,"column":95},"end":{"line":27,"column":null}},"loc":{"start":{"line":27,"column":95},"end":{"line":31,"column":3}}}},"branchMap":{},"s":{"0":1,"1":1,"2":1,"3":2,"4":2,"5":1,"6":1,"7":2,"8":2,"9":1,"10":1,"11":2,"12":2,"13":1,"14":1,"15":2,"16":2,"17":1,"18":1,"19":2,"20":2,"21":1,"22":1},"f":{"0":2,"1":2,"2":2,"3":2,"4":2,"5":2,"6":2,"7":2,"8":2,"9":2},"b":{}}
,"/Users/mac/Desktop/backendOstedhy/src/controller/course.controller.ts": {"path":"/Users/mac/Desktop/backendOstedhy/src/controller/course.controller.ts","statementMap":{"0":{"start":{"line":2,"column":0},"end":{"line":2,"column":55}},"1":{"start":{"line":3,"column":0},"end":{"line":3,"column":49}},"2":{"start":{"line":6,"column":9},"end":{"line":6,"column":25}},"3":{"start":{"line":6,"column":91},"end":{"line":9,"column":null}},"4":{"start":{"line":7,"column":19},"end":{"line":7,"column":54}},"5":{"start":{"line":8,"column":4},"end":{"line":8,"column":33}},"6":{"start":{"line":11,"column":9},"end":{"line":11,"column":25}},"7":{"start":{"line":11,"column":91},"end":{"line":18,"column":null}},"8":{"start":{"line":12,"column":4},"end":{"line":17,"column":5}},"9":{"start":{"line":13,"column":21},"end":{"line":13,"column":75}},"10":{"start":{"line":14,"column":6},"end":{"line":14,"column":35}},"11":{"start":{"line":16,"column":6},"end":{"line":16,"column":18}},"12":{"start":{"line":20,"column":9},"end":{"line":20,"column":24}},"13":{"start":{"line":20,"column":90},"end":{"line":23,"column":null}},"14":{"start":{"line":21,"column":19},"end":{"line":21,"column":61}},"15":{"start":{"line":22,"column":4},"end":{"line":22,"column":33}},"16":{"start":{"line":25,"column":9},"end":{"line":25,"column":28}},"17":{"start":{"line":25,"column":94},"end":{"line":32,"column":null}},"18":{"start":{"line":26,"column":4},"end":{"line":31,"column":5}},"19":{"start":{"line":27,"column":21},"end":{"line":27,"column":88}},"20":{"start":{"line":28,"column":6},"end":{"line":28,"column":35}},"21":{"start":{"line":30,"column":6},"end":{"line":30,"column":18}},"22":{"start":{"line":34,"column":9},"end":{"line":34,"column":28}},"23":{"start":{"line":34,"column":94},"end":{"line":41,"column":null}},"24":{"start":{"line":35,"column":4},"end":{"line":40,"column":5}},"25":{"start":{"line":36,"column":21},"end":{"line":36,"column":78}},"26":{"start":{"line":37,"column":6},"end":{"line":37,"column":35}},"27":{"start":{"line":39,"column":6},"end":{"line":39,"column":18}},"28":{"start":{"line":44,"column":0},"end":{"line":44,"column":32}}},"fnMap":{"0":{"name":"(anonymous_8)","decl":{"start":{"line":6,"column":38},"end":{"line":6,"column":45}},"loc":{"start":{"line":6,"column":91},"end":{"line":9,"column":null}}},"1":{"name":"(anonymous_9)","decl":{"start":{"line":6,"column":91},"end":{"line":6,"column":null}},"loc":{"start":{"line":6,"column":91},"end":{"line":9,"column":3}}},"2":{"name":"(anonymous_10)","decl":{"start":{"line":11,"column":38},"end":{"line":11,"column":45}},"loc":{"start":{"line":11,"column":91},"end":{"line":18,"column":null}}},"3":{"name":"(anonymous_11)","decl":{"start":{"line":11,"column":91},"end":{"line":11,"column":null}},"loc":{"start":{"line":11,"column":91},"end":{"line":18,"column":3}}},"4":{"name":"(anonymous_12)","decl":{"start":{"line":20,"column":37},"end":{"line":20,"column":44}},"loc":{"start":{"line":20,"column":90},"end":{"line":23,"column":null}}},"5":{"name":"(anonymous_13)","decl":{"start":{"line":20,"column":90},"end":{"line":20,"column":null}},"loc":{"start":{"line":20,"column":90},"end":{"line":23,"column":3}}},"6":{"name":"(anonymous_14)","decl":{"start":{"line":25,"column":41},"end":{"line":25,"column":48}},"loc":{"start":{"line":25,"column":94},"end":{"line":32,"column":null}}},"7":{"name":"(anonymous_15)","decl":{"start":{"line":25,"column":94},"end":{"line":25,"column":null}},"loc":{"start":{"line":25,"column":94},"end":{"line":32,"column":3}}},"8":{"name":"(anonymous_16)","decl":{"start":{"line":34,"column":41},"end":{"line":34,"column":48}},"loc":{"start":{"line":34,"column":94},"end":{"line":41,"column":null}}},"9":{"name":"(anonymous_17)","decl":{"start":{"line":34,"column":94},"end":{"line":34,"column":null}},"loc":{"start":{"line":34,"column":94},"end":{"line":41,"column":3}}}},"branchMap":{},"s":{"0":1,"1":1,"2":1,"3":2,"4":2,"5":1,"6":1,"7":2,"8":2,"9":2,"10":1,"11":1,"12":1,"13":2,"14":2,"15":1,"16":1,"17":2,"18":2,"19":2,"20":1,"21":1,"22":1,"23":2,"24":2,"25":2,"26":1,"27":1,"28":1},"f":{"0":2,"1":2,"2":2,"3":2,"4":2,"5":2,"6":2,"7":2,"8":2,"9":2},"b":{}}
,"/Users/mac/Desktop/backendOstedhy/src/controller/lesson.controller.ts": {"path":"/Users/mac/Desktop/backendOstedhy/src/controller/lesson.controller.ts","statementMap":{"0":{"start":{"line":2,"column":0},"end":{"line":2,"column":55}},"1":{"start":{"line":3,"column":0},"end":{"line":3,"column":49}},"2":{"start":{"line":6,"column":9},"end":{"line":6,"column":25}},"3":{"start":{"line":6,"column":91},"end":{"line":9,"column":null}},"4":{"start":{"line":7,"column":19},"end":{"line":7,"column":54}},"5":{"start":{"line":8,"column":4},"end":{"line":8,"column":33}},"6":{"start":{"line":11,"column":9},"end":{"line":11,"column":25}},"7":{"start":{"line":11,"column":91},"end":{"line":18,"column":null}},"8":{"start":{"line":12,"column":4},"end":{"line":17,"column":5}},"9":{"start":{"line":13,"column":21},"end":{"line":13,"column":75}},"10":{"start":{"line":14,"column":6},"end":{"line":14,"column":35}},"11":{"start":{"line":16,"column":6},"end":{"line":16,"column":18}},"12":{"start":{"line":20,"column":9},"end":{"line":20,"column":24}},"13":{"start":{"line":20,"column":90},"end":{"line":23,"column":null}},"14":{"start":{"line":21,"column":19},"end":{"line":21,"column":61}},"15":{"start":{"line":22,"column":4},"end":{"line":22,"column":33}},"16":{"start":{"line":25,"column":9},"end":{"line":25,"column":28}},"17":{"start":{"line":25,"column":94},"end":{"line":32,"column":null}},"18":{"start":{"line":26,"column":4},"end":{"line":31,"column":5}},"19":{"start":{"line":27,"column":21},"end":{"line":27,"column":88}},"20":{"start":{"line":28,"column":6},"end":{"line":28,"column":35}},"21":{"start":{"line":30,"column":6},"end":{"line":30,"column":18}},"22":{"start":{"line":34,"column":9},"end":{"line":34,"column":28}},"23":{"start":{"line":34,"column":94},"end":{"line":41,"column":null}},"24":{"start":{"line":35,"column":4},"end":{"line":40,"column":5}},"25":{"start":{"line":36,"column":21},"end":{"line":36,"column":78}},"26":{"start":{"line":37,"column":6},"end":{"line":37,"column":35}},"27":{"start":{"line":39,"column":6},"end":{"line":39,"column":18}},"28":{"start":{"line":44,"column":0},"end":{"line":44,"column":32}}},"fnMap":{"0":{"name":"(anonymous_8)","decl":{"start":{"line":6,"column":38},"end":{"line":6,"column":45}},"loc":{"start":{"line":6,"column":91},"end":{"line":9,"column":null}}},"1":{"name":"(anonymous_9)","decl":{"start":{"line":6,"column":91},"end":{"line":6,"column":null}},"loc":{"start":{"line":6,"column":91},"end":{"line":9,"column":3}}},"2":{"name":"(anonymous_10)","decl":{"start":{"line":11,"column":38},"end":{"line":11,"column":45}},"loc":{"start":{"line":11,"column":91},"end":{"line":18,"column":null}}},"3":{"name":"(anonymous_11)","decl":{"start":{"line":11,"column":91},"end":{"line":11,"column":null}},"loc":{"start":{"line":11,"column":91},"end":{"line":18,"column":3}}},"4":{"name":"(anonymous_12)","decl":{"start":{"line":20,"column":37},"end":{"line":20,"column":44}},"loc":{"start":{"line":20,"column":90},"end":{"line":23,"column":null}}},"5":{"name":"(anonymous_13)","decl":{"start":{"line":20,"column":90},"end":{"line":20,"column":null}},"loc":{"start":{"line":20,"column":90},"end":{"line":23,"column":3}}},"6":{"name":"(anonymous_14)","decl":{"start":{"line":25,"column":41},"end":{"line":25,"column":48}},"loc":{"start":{"line":25,"column":94},"end":{"line":32,"column":null}}},"7":{"name":"(anonymous_15)","decl":{"start":{"line":25,"column":94},"end":{"line":25,"column":null}},"loc":{"start":{"line":25,"column":94},"end":{"line":32,"column":3}}},"8":{"name":"(anonymous_16)","decl":{"start":{"line":34,"column":41},"end":{"line":34,"column":48}},"loc":{"start":{"line":34,"column":94},"end":{"line":41,"column":null}}},"9":{"name":"(anonymous_17)","decl":{"start":{"line":34,"column":94},"end":{"line":34,"column":null}},"loc":{"start":{"line":34,"column":94},"end":{"line":41,"column":3}}}},"branchMap":{},"s":{"0":1,"1":1,"2":1,"3":2,"4":2,"5":1,"6":1,"7":2,"8":2,"9":2,"10":1,"11":1,"12":1,"13":2,"14":2,"15":1,"16":1,"17":2,"18":2,"19":2,"20":1,"21":1,"22":1,"23":2,"24":2,"25":2,"26":1,"27":1,"28":1},"f":{"0":2,"1":2,"2":2,"3":2,"4":2,"5":2,"6":2,"7":2,"8":2,"9":2},"b":{}}
,"/Users/mac/Desktop/backendOstedhy/src/controller/magazine.controller.ts": {"path":"/Users/mac/Desktop/backendOstedhy/src/controller/magazine.controller.ts","statementMap":{"0":{"start":{"line":2,"column":0},"end":{"line":2,"column":59}},"1":{"start":{"line":3,"column":0},"end":{"line":3,"column":49}},"2":{"start":{"line":6,"column":9},"end":{"line":6,"column":27}},"3":{"start":{"line":6,"column":93},"end":{"line":9,"column":null}},"4":{"start":{"line":7,"column":19},"end":{"line":7,"column":58}},"5":{"start":{"line":8,"column":4},"end":{"line":8,"column":33}},"6":{"start":{"line":11,"column":9},"end":{"line":11,"column":27}},"7":{"start":{"line":11,"column":93},"end":{"line":18,"column":null}},"8":{"start":{"line":12,"column":4},"end":{"line":17,"column":5}},"9":{"start":{"line":13,"column":21},"end":{"line":13,"column":81}},"10":{"start":{"line":14,"column":6},"end":{"line":14,"column":35}},"11":{"start":{"line":16,"column":6},"end":{"line":16,"column":18}},"12":{"start":{"line":20,"column":9},"end":{"line":20,"column":26}},"13":{"start":{"line":20,"column":92},"end":{"line":23,"column":null}},"14":{"start":{"line":21,"column":19},"end":{"line":21,"column":65}},"15":{"start":{"line":22,"column":4},"end":{"line":22,"column":33}},"16":{"start":{"line":25,"column":9},"end":{"line":25,"column":30}},"17":{"start":{"line":25,"column":96},"end":{"line":32,"column":null}},"18":{"start":{"line":26,"column":4},"end":{"line":31,"column":5}},"19":{"start":{"line":27,"column":21},"end":{"line":27,"column":94}},"20":{"start":{"line":28,"column":6},"end":{"line":28,"column":35}},"21":{"start":{"line":30,"column":6},"end":{"line":30,"column":18}},"22":{"start":{"line":34,"column":9},"end":{"line":34,"column":30}},"23":{"start":{"line":34,"column":96},"end":{"line":41,"column":null}},"24":{"start":{"line":35,"column":4},"end":{"line":40,"column":5}},"25":{"start":{"line":36,"column":21},"end":{"line":36,"column":84}},"26":{"start":{"line":37,"column":6},"end":{"line":37,"column":35}},"27":{"start":{"line":39,"column":6},"end":{"line":39,"column":18}},"28":{"start":{"line":44,"column":0},"end":{"line":44,"column":34}}},"fnMap":{"0":{"name":"(anonymous_8)","decl":{"start":{"line":6,"column":40},"end":{"line":6,"column":47}},"loc":{"start":{"line":6,"column":93},"end":{"line":9,"column":null}}},"1":{"name":"(anonymous_9)","decl":{"start":{"line":6,"column":93},"end":{"line":6,"column":null}},"loc":{"start":{"line":6,"column":93},"end":{"line":9,"column":3}}},"2":{"name":"(anonymous_10)","decl":{"start":{"line":11,"column":40},"end":{"line":11,"column":47}},"loc":{"start":{"line":11,"column":93},"end":{"line":18,"column":null}}},"3":{"name":"(anonymous_11)","decl":{"start":{"line":11,"column":93},"end":{"line":11,"column":null}},"loc":{"start":{"line":11,"column":93},"end":{"line":18,"column":3}}},"4":{"name":"(anonymous_12)","decl":{"start":{"line":20,"column":39},"end":{"line":20,"column":46}},"loc":{"start":{"line":20,"column":92},"end":{"line":23,"column":null}}},"5":{"name":"(anonymous_13)","decl":{"start":{"line":20,"column":92},"end":{"line":20,"column":null}},"loc":{"start":{"line":20,"column":92},"end":{"line":23,"column":3}}},"6":{"name":"(anonymous_14)","decl":{"start":{"line":25,"column":43},"end":{"line":25,"column":50}},"loc":{"start":{"line":25,"column":96},"end":{"line":32,"column":null}}},"7":{"name":"(anonymous_15)","decl":{"start":{"line":25,"column":96},"end":{"line":25,"column":null}},"loc":{"start":{"line":25,"column":96},"end":{"line":32,"column":3}}},"8":{"name":"(anonymous_16)","decl":{"start":{"line":34,"column":43},"end":{"line":34,"column":50}},"loc":{"start":{"line":34,"column":96},"end":{"line":41,"column":null}}},"9":{"name":"(anonymous_17)","decl":{"start":{"line":34,"column":96},"end":{"line":34,"column":null}},"loc":{"start":{"line":34,"column":96},"end":{"line":41,"column":3}}}},"branchMap":{},"s":{"0":1,"1":1,"2":1,"3":2,"4":2,"5":1,"6":1,"7":2,"8":2,"9":2,"10":1,"11":1,"12":1,"13":2,"14":2,"15":1,"16":1,"17":2,"18":2,"19":2,"20":1,"21":1,"22":1,"23":2,"24":2,"25":2,"26":1,"27":1,"28":1},"f":{"0":2,"1":2,"2":2,"3":2,"4":2,"5":2,"6":2,"7":2,"8":2,"9":2},"b":{}}
,"/Users/mac/Desktop/backendOstedhy/src/controller/session.controller.ts": {"path":"/Users/mac/Desktop/backendOstedhy/src/controller/session.controller.ts","statementMap":{"0":{"start":{"line":2,"column":0},"end":{"line":2,"column":57}},"1":{"start":{"line":3,"column":0},"end":{"line":3,"column":49}},"2":{"start":{"line":6,"column":9},"end":{"line":6,"column":26}},"3":{"start":{"line":6,"column":92},"end":{"line":9,"column":null}},"4":{"start":{"line":7,"column":19},"end":{"line":7,"column":56}},"5":{"start":{"line":8,"column":4},"end":{"line":8,"column":33}},"6":{"start":{"line":11,"column":9},"end":{"line":11,"column":26}},"7":{"start":{"line":11,"column":92},"end":{"line":18,"column":null}},"8":{"start":{"line":12,"column":4},"end":{"line":17,"column":5}},"9":{"start":{"line":13,"column":21},"end":{"line":13,"column":78}},"10":{"start":{"line":14,"column":6},"end":{"line":14,"column":35}},"11":{"start":{"line":16,"column":6},"end":{"line":16,"column":18}},"12":{"start":{"line":20,"column":9},"end":{"line":20,"column":25}},"13":{"start":{"line":20,"column":91},"end":{"line":23,"column":null}},"14":{"start":{"line":21,"column":19},"end":{"line":21,"column":63}},"15":{"start":{"line":22,"column":4},"end":{"line":22,"column":33}},"16":{"start":{"line":25,"column":9},"end":{"line":25,"column":29}},"17":{"start":{"line":25,"column":95},"end":{"line":32,"column":null}},"18":{"start":{"line":26,"column":4},"end":{"line":31,"column":5}},"19":{"start":{"line":27,"column":21},"end":{"line":27,"column":91}},"20":{"start":{"line":28,"column":6},"end":{"line":28,"column":35}},"21":{"start":{"line":30,"column":6},"end":{"line":30,"column":18}},"22":{"start":{"line":34,"column":9},"end":{"line":34,"column":29}},"23":{"start":{"line":34,"column":95},"end":{"line":41,"column":null}},"24":{"start":{"line":35,"column":4},"end":{"line":40,"column":5}},"25":{"start":{"line":36,"column":21},"end":{"line":36,"column":81}},"26":{"start":{"line":37,"column":6},"end":{"line":37,"column":35}},"27":{"start":{"line":39,"column":6},"end":{"line":39,"column":18}},"28":{"start":{"line":44,"column":0},"end":{"line":44,"column":33}}},"fnMap":{"0":{"name":"(anonymous_8)","decl":{"start":{"line":6,"column":39},"end":{"line":6,"column":46}},"loc":{"start":{"line":6,"column":92},"end":{"line":9,"column":null}}},"1":{"name":"(anonymous_9)","decl":{"start":{"line":6,"column":92},"end":{"line":6,"column":null}},"loc":{"start":{"line":6,"column":92},"end":{"line":9,"column":3}}},"2":{"name":"(anonymous_10)","decl":{"start":{"line":11,"column":39},"end":{"line":11,"column":46}},"loc":{"start":{"line":11,"column":92},"end":{"line":18,"column":null}}},"3":{"name":"(anonymous_11)","decl":{"start":{"line":11,"column":92},"end":{"line":11,"column":null}},"loc":{"start":{"line":11,"column":92},"end":{"line":18,"column":3}}},"4":{"name":"(anonymous_12)","decl":{"start":{"line":20,"column":38},"end":{"line":20,"column":45}},"loc":{"start":{"line":20,"column":91},"end":{"line":23,"column":null}}},"5":{"name":"(anonymous_13)","decl":{"start":{"line":20,"column":91},"end":{"line":20,"column":null}},"loc":{"start":{"line":20,"column":91},"end":{"line":23,"column":3}}},"6":{"name":"(anonymous_14)","decl":{"start":{"line":25,"column":42},"end":{"line":25,"column":49}},"loc":{"start":{"line":25,"column":95},"end":{"line":32,"column":null}}},"7":{"name":"(anonymous_15)","decl":{"start":{"line":25,"column":95},"end":{"line":25,"column":null}},"loc":{"start":{"line":25,"column":95},"end":{"line":32,"column":3}}},"8":{"name":"(anonymous_16)","decl":{"start":{"line":34,"column":42},"end":{"line":34,"column":49}},"loc":{"start":{"line":34,"column":95},"end":{"line":41,"column":null}}},"9":{"name":"(anonymous_17)","decl":{"start":{"line":34,"column":95},"end":{"line":34,"column":null}},"loc":{"start":{"line":34,"column":95},"end":{"line":41,"column":3}}}},"branchMap":{},"s":{"0":1,"1":1,"2":1,"3":2,"4":2,"5":1,"6":1,"7":2,"8":2,"9":2,"10":1,"11":1,"12":1,"13":2,"14":2,"15":1,"16":1,"17":2,"18":2,"19":2,"20":1,"21":1,"22":1,"23":2,"24":2,"25":2,"26":1,"27":1,"28":1},"f":{"0":2,"1":2,"2":2,"3":2,"4":2,"5":2,"6":2,"7":2,"8":2,"9":2},"b":{}}
,"/Users/mac/Desktop/backendOstedhy/src/database/models/chapter.model.ts": {"path":"/Users/mac/Desktop/backendOstedhy/src/database/models/chapter.model.ts","statementMap":{"0":{"start":{"line":1,"column":0},"end":{"line":1,"column":61}},"1":{"start":{"line":13,"column":22},"end":{"line":29,"column":null}},"2":{"start":{"line":44,"column":16},"end":{"line":44,"column":87}},"3":{"start":{"line":46,"column":0},"end":{"line":46,"column":23}}},"fnMap":{},"branchMap":{},"s":{"0":1,"1":1,"2":1,"3":1},"f":{},"b":{}}
,"/Users/mac/Desktop/backendOstedhy/src/database/models/comment.model.ts": {"path":"/Users/mac/Desktop/backendOstedhy/src/database/models/comment.model.ts","statementMap":{"0":{"start":{"line":1,"column":0},"end":{"line":1,"column":61}},"1":{"start":{"line":12,"column":22},"end":{"line":34,"column":null}},"2":{"start":{"line":37,"column":16},"end":{"line":37,"column":87}},"3":{"start":{"line":39,"column":0},"end":{"line":39,"column":23}}},"fnMap":{},"branchMap":{},"s":{"0":1,"1":1,"2":1,"3":1},"f":{},"b":{}}
,"/Users/mac/Desktop/backendOstedhy/src/database/models/coursemodel.ts": {"path":"/Users/mac/Desktop/backendOstedhy/src/database/models/coursemodel.ts","statementMap":{"0":{"start":{"line":1,"column":0},"end":{"line":1,"column":61}},"1":{"start":{"line":45,"column":21},"end":{"line":98,"column":null}},"2":{"start":{"line":114,"column":15},"end":{"line":114,"column":82}},"3":{"start":{"line":116,"column":0},"end":{"line":116,"column":22}}},"fnMap":{},"branchMap":{},"s":{"0":1,"1":1,"2":1,"3":1},"f":{},"b":{}}
,"/Users/mac/Desktop/backendOstedhy/src/database/models/lesson.model.ts": {"path":"/Users/mac/Desktop/backendOstedhy/src/database/models/lesson.model.ts","statementMap":{"0":{"start":{"line":1,"column":0},"end":{"line":1,"column":61}},"1":{"start":{"line":14,"column":21},"end":{"line":40,"column":null}},"2":{"start":{"line":45,"column":15},"end":{"line":45,"column":82}},"3":{"start":{"line":47,"column":0},"end":{"line":47,"column":22}}},"fnMap":{},"branchMap":{},"s":{"0":1,"1":1,"2":1,"3":1},"f":{},"b":{}}
,"/Users/mac/Desktop/backendOstedhy/src/database/models/magazine.model.ts": {"path":"/Users/mac/Desktop/backendOstedhy/src/database/models/magazine.model.ts","statementMap":{"0":{"start":{"line":2,"column":0},"end":{"line":2,"column":61}},"1":{"start":{"line":11,"column":23},"end":{"line":25,"column":null}},"2":{"start":{"line":28,"column":17},"end":{"line":28,"column":92}},"3":{"start":{"line":30,"column":0},"end":{"line":30,"column":24}}},"fnMap":{},"branchMap":{},"s":{"0":1,"1":1,"2":1,"3":1},"f":{},"b":{}}
,"/Users/mac/Desktop/backendOstedhy/src/database/models/session.model.ts": {"path":"/Users/mac/Desktop/backendOstedhy/src/database/models/session.model.ts","statementMap":{"0":{"start":{"line":2,"column":0},"end":{"line":2,"column":61}},"1":{"start":{"line":15,"column":22},"end":{"line":33,"column":null}},"2":{"start":{"line":36,"column":16},"end":{"line":36,"column":87}},"3":{"start":{"line":38,"column":0},"end":{"line":38,"column":23}}},"fnMap":{},"branchMap":{},"s":{"0":1,"1":1,"2":1,"3":1},"f":{},"b":{}}
,"/Users/mac/Desktop/backendOstedhy/src/database/models/teacher.model.ts": {"path":"/Users/mac/Desktop/backendOstedhy/src/database/models/teacher.model.ts","statementMap":{"0":{"start":{"line":2,"column":0},"end":{"line":2,"column":61}},"1":{"start":{"line":13,"column":22},"end":{"line":32,"column":null}},"2":{"start":{"line":35,"column":16},"end":{"line":35,"column":87}},"3":{"start":{"line":37,"column":0},"end":{"line":37,"column":23}}},"fnMap":{},"branchMap":{},"s":{"0":1,"1":1,"2":1,"3":1},"f":{},"b":{}}
,"/Users/mac/Desktop/backendOstedhy/src/database/models/user_role.model.ts": {"path":"/Users/mac/Desktop/backendOstedhy/src/database/models/user_role.model.ts","statementMap":{"0":{"start":{"line":2,"column":0},"end":{"line":2,"column":61}},"1":{"start":{"line":11,"column":24},"end":{"line":25,"column":null}},"2":{"start":{"line":28,"column":18},"end":{"line":28,"column":97}},"3":{"start":{"line":30,"column":0},"end":{"line":30,"column":25}}},"fnMap":{},"branchMap":{},"s":{"0":1,"1":1,"2":1,"3":1},"f":{},"b":{}}
,"/Users/mac/Desktop/backendOstedhy/src/database/models/usersmodel.ts": {"path":"/Users/mac/Desktop/backendOstedhy/src/database/models/usersmodel.ts","statementMap":{"0":{"start":{"line":2,"column":0},"end":{"line":2,"column":61}},"1":{"start":{"line":3,"column":0},"end":{"line":3,"column":34}},"2":{"start":{"line":4,"column":0},"end":{"line":4,"column":30}},"3":{"start":{"line":29,"column":19},"end":{"line":88,"column":null}},"4":{"start":{"line":67,"column":10},"end":{"line":67,"column":38}},"5":{"start":{"line":92,"column":0},"end":{"line":102,"column":2}},"6":{"start":{"line":97,"column":20},"end":{"line":97,"column":83}},"7":{"start":{"line":98,"column":2},"end":{"line":100,"column":3}},"8":{"start":{"line":99,"column":4},"end":{"line":99,"column":11}},"9":{"start":{"line":101,"column":2},"end":{"line":101,"column":57}},"10":{"start":{"line":121,"column":0},"end":{"line":132,"column":3}},"11":{"start":{"line":123,"column":2},"end":{"line":123,"column":50}},"12":{"start":{"line":123,"column":36},"end":{"line":123,"column":50}},"13":{"start":{"line":126,"column":2},"end":{"line":126,"column":55}},"14":{"start":{"line":129,"column":2},"end":{"line":129,"column":28}},"15":{"start":{"line":131,"column":2},"end":{"line":131,"column":9}},"16":{"start":{"line":135,"column":13},"end":{"line":135,"column":72}},"17":{"start":{"line":137,"column":0},"end":{"line":137,"column":20}}},"fnMap":{"0":{"name":"(anonymous_14)","decl":{"start":{"line":66,"column":19},"end":{"line":66,"column":49}},"loc":{"start":{"line":66,"column":59},"end":{"line":68,"column":9}}},"1":{"name":"(anonymous_15)","decl":{"start":{"line":92,"column":37},"end":{"line":92,"column":null}},"loc":{"start":{"line":95,"column":18},"end":{"line":102,"column":2}}},"2":{"name":"(anonymous_17)","decl":{"start":{"line":121,"column":23},"end":{"line":121,"column":39}},"loc":{"start":{"line":121,"column":43},"end":{"line":132,"column":2}}}},"branchMap":{"0":{"loc":{"start":{"line":98,"column":2},"end":{"line":100,"column":3}},"type":"if","locations":[{"start":{"line":98,"column":2},"end":{"line":100,"column":3}}]},"1":{"loc":{"start":{"line":101,"column":41},"end":{"line":101,"column":55}},"type":"cond-expr","locations":[{"start":{"line":101,"column":45},"end":{"line":101,"column":47}},{"start":{"line":101,"column":41},"end":{"line":101,"column":55}}]},"2":{"loc":{"start":{"line":101,"column":41},"end":{"line":101,"column":47}},"type":"binary-expr","locations":[{"start":{"line":101,"column":41},"end":{"line":101,"column":47}},{"start":{"line":101,"column":41},"end":{"line":101,"column":47}}]},"3":{"loc":{"start":{"line":123,"column":2},"end":{"line":123,"column":50}},"type":"if","locations":[{"start":{"line":123,"column":2},"end":{"line":123,"column":50}}]}},"s":{"0":1,"1":1,"2":1,"3":1,"4":1,"5":1,"6":1,"7":1,"8":0,"9":1,"10":1,"11":1,"12":0,"13":1,"14":1,"15":1,"16":1,"17":1},"f":{"0":1,"1":1,"2":1},"b":{"0":[0],"1":[0,1],"2":[1,1],"3":[0]}}
,"/Users/mac/Desktop/backendOstedhy/src/database/repositories/chapter.repository.ts": {"path":"/Users/mac/Desktop/backendOstedhy/src/database/repositories/chapter.repository.ts","statementMap":{"0":{"start":{"line":2,"column":0},"end":{"line":2,"column":46}},"1":{"start":{"line":7,"column":21},"end":{"line":7,"column":60}},"2":{"start":{"line":8,"column":4},"end":{"line":8,"column":20}},"3":{"start":{"line":13,"column":20},"end":{"line":13,"column":72}},"4":{"start":{"line":14,"column":4},"end":{"line":14,"column":19}},"5":{"start":{"line":19,"column":23},"end":{"line":19,"column":56}},"6":{"start":{"line":20,"column":4},"end":{"line":20,"column":22}},"7":{"start":{"line":25,"column":27},"end":{"line":25,"column":116}},"8":{"start":{"line":26,"column":4},"end":{"line":26,"column":26}},"9":{"start":{"line":31,"column":27},"end":{"line":31,"column":69}},"10":{"start":{"line":32,"column":4},"end":{"line":32,"column":26}},"11":{"start":{"line":36,"column":0},"end":{"line":36,"column":33}}},"fnMap":{"0":{"name":"(anonymous_8)","decl":{"start":{"line":6,"column":2},"end":{"line":6,"column":8}},"loc":{"start":{"line":6,"column":29},"end":{"line":9,"column":null}}},"1":{"name":"(anonymous_10)","decl":{"start":{"line":12,"column":2},"end":{"line":12,"column":8}},"loc":{"start":{"line":12,"column":47},"end":{"line":15,"column":null}}},"2":{"name":"(anonymous_12)","decl":{"start":{"line":18,"column":2},"end":{"line":18,"column":8}},"loc":{"start":{"line":18,"column":45},"end":{"line":21,"column":null}}},"3":{"name":"(anonymous_14)","decl":{"start":{"line":24,"column":2},"end":{"line":24,"column":8}},"loc":{"start":{"line":24,"column":68},"end":{"line":27,"column":null}}},"4":{"name":"(anonymous_16)","decl":{"start":{"line":30,"column":2},"end":{"line":30,"column":8}},"loc":{"start":{"line":30,"column":50},"end":{"line":33,"column":null}}}},"branchMap":{},"s":{"0":1,"1":0,"2":0,"3":0,"4":0,"5":0,"6":0,"7":0,"8":0,"9":0,"10":0,"11":1},"f":{"0":0,"1":0,"2":0,"3":0,"4":0},"b":{}}
,"/Users/mac/Desktop/backendOstedhy/src/database/repositories/comment.repository.ts": {"path":"/Users/mac/Desktop/backendOstedhy/src/database/repositories/comment.repository.ts","statementMap":{"0":{"start":{"line":2,"column":0},"end":{"line":2,"column":46}},"1":{"start":{"line":7,"column":21},"end":{"line":7,"column":41}},"2":{"start":{"line":8,"column":4},"end":{"line":8,"column":20}},"3":{"start":{"line":13,"column":20},"end":{"line":13,"column":53}},"4":{"start":{"line":14,"column":4},"end":{"line":14,"column":19}},"5":{"start":{"line":19,"column":23},"end":{"line":19,"column":56}},"6":{"start":{"line":20,"column":4},"end":{"line":20,"column":22}},"7":{"start":{"line":25,"column":27},"end":{"line":25,"column":97}},"8":{"start":{"line":26,"column":4},"end":{"line":26,"column":26}},"9":{"start":{"line":31,"column":27},"end":{"line":31,"column":69}},"10":{"start":{"line":32,"column":4},"end":{"line":32,"column":26}},"11":{"start":{"line":36,"column":0},"end":{"line":36,"column":33}}},"fnMap":{"0":{"name":"(anonymous_8)","decl":{"start":{"line":6,"column":2},"end":{"line":6,"column":8}},"loc":{"start":{"line":6,"column":29},"end":{"line":9,"column":null}}},"1":{"name":"(anonymous_10)","decl":{"start":{"line":12,"column":2},"end":{"line":12,"column":8}},"loc":{"start":{"line":12,"column":47},"end":{"line":15,"column":null}}},"2":{"name":"(anonymous_12)","decl":{"start":{"line":18,"column":2},"end":{"line":18,"column":8}},"loc":{"start":{"line":18,"column":45},"end":{"line":21,"column":null}}},"3":{"name":"(anonymous_14)","decl":{"start":{"line":24,"column":2},"end":{"line":24,"column":8}},"loc":{"start":{"line":24,"column":68},"end":{"line":27,"column":null}}},"4":{"name":"(anonymous_16)","decl":{"start":{"line":30,"column":2},"end":{"line":30,"column":8}},"loc":{"start":{"line":30,"column":50},"end":{"line":33,"column":null}}}},"branchMap":{},"s":{"0":1,"1":2,"2":1,"3":2,"4":2,"5":2,"6":1,"7":2,"8":2,"9":2,"10":2,"11":1},"f":{"0":2,"1":2,"2":2,"3":2,"4":2},"b":{}}
,"/Users/mac/Desktop/backendOstedhy/src/database/repositories/course.repository.ts": {"path":"/Users/mac/Desktop/backendOstedhy/src/database/repositories/course.repository.ts","statementMap":{"0":{"start":{"line":1,"column":0},"end":{"line":1,"column":44}},"1":{"start":{"line":2,"column":0},"end":{"line":2,"column":63}},"2":{"start":{"line":6,"column":4},"end":{"line":6,"column":25}},"3":{"start":{"line":10,"column":4},"end":{"line":10,"column":37}},"4":{"start":{"line":14,"column":4},"end":{"line":14,"column":37}},"5":{"start":{"line":18,"column":4},"end":{"line":18,"column":73}},"6":{"start":{"line":22,"column":26},"end":{"line":22,"column":66}},"7":{"start":{"line":23,"column":4},"end":{"line":25,"column":5}},"8":{"start":{"line":24,"column":6},"end":{"line":24,"column":62}},"9":{"start":{"line":29,"column":0},"end":{"line":29,"column":32}}},"fnMap":{"0":{"name":"(anonymous_8)","decl":{"start":{"line":5,"column":2},"end":{"line":5,"column":8}},"loc":{"start":{"line":5,"column":28},"end":{"line":7,"column":null}}},"1":{"name":"(anonymous_10)","decl":{"start":{"line":9,"column":2},"end":{"line":9,"column":8}},"loc":{"start":{"line":9,"column":45},"end":{"line":11,"column":null}}},"2":{"name":"(anonymous_12)","decl":{"start":{"line":13,"column":2},"end":{"line":13,"column":8}},"loc":{"start":{"line":13,"column":43},"end":{"line":15,"column":null}}},"3":{"name":"(anonymous_14)","decl":{"start":{"line":17,"column":2},"end":{"line":17,"column":8}},"loc":{"start":{"line":17,"column":65},"end":{"line":19,"column":null}}},"4":{"name":"(anonymous_16)","decl":{"start":{"line":21,"column":2},"end":{"line":21,"column":8}},"loc":{"start":{"line":21,"column":48},"end":{"line":26,"column":null}}}},"branchMap":{"0":{"loc":{"start":{"line":23,"column":4},"end":{"line":25,"column":5}},"type":"if","locations":[{"start":{"line":23,"column":4},"end":{"line":25,"column":5}}]}},"s":{"0":1,"1":1,"2":2,"3":2,"4":2,"5":2,"6":2,"7":2,"8":1,"9":1},"f":{"0":2,"1":2,"2":2,"3":2,"4":2},"b":{"0":[1]}}
,"/Users/mac/Desktop/backendOstedhy/src/database/repositories/lesson.reposoitory.ts": {"path":"/Users/mac/Desktop/backendOstedhy/src/database/repositories/lesson.reposoitory.ts","statementMap":{"0":{"start":{"line":1,"column":0},"end":{"line":1,"column":44}},"1":{"start":{"line":2,"column":0},"end":{"line":2,"column":44}},"2":{"start":{"line":6,"column":20},"end":{"line":6,"column":39}},"3":{"start":{"line":7,"column":4},"end":{"line":7,"column":19}},"4":{"start":{"line":11,"column":19},"end":{"line":11,"column":50}},"5":{"start":{"line":12,"column":4},"end":{"line":12,"column":18}},"6":{"start":{"line":16,"column":22},"end":{"line":16,"column":53}},"7":{"start":{"line":17,"column":4},"end":{"line":17,"column":21}},"8":{"start":{"line":21,"column":26},"end":{"line":24,"column":null}},"9":{"start":{"line":26,"column":4},"end":{"line":26,"column":25}},"10":{"start":{"line":30,"column":26},"end":{"line":30,"column":66}},"11":{"start":{"line":31,"column":4},"end":{"line":33,"column":5}},"12":{"start":{"line":32,"column":6},"end":{"line":32,"column":62}},"13":{"start":{"line":34,"column":4},"end":{"line":34,"column":25}},"14":{"start":{"line":38,"column":0},"end":{"line":38,"column":32}}},"fnMap":{"0":{"name":"(anonymous_8)","decl":{"start":{"line":5,"column":2},"end":{"line":5,"column":8}},"loc":{"start":{"line":5,"column":28},"end":{"line":8,"column":null}}},"1":{"name":"(anonymous_10)","decl":{"start":{"line":10,"column":2},"end":{"line":10,"column":8}},"loc":{"start":{"line":10,"column":45},"end":{"line":13,"column":null}}},"2":{"name":"(anonymous_12)","decl":{"start":{"line":15,"column":2},"end":{"line":15,"column":8}},"loc":{"start":{"line":15,"column":43},"end":{"line":18,"column":null}}},"3":{"name":"(anonymous_14)","decl":{"start":{"line":20,"column":2},"end":{"line":20,"column":8}},"loc":{"start":{"line":20,"column":65},"end":{"line":27,"column":null}}},"4":{"name":"(anonymous_16)","decl":{"start":{"line":29,"column":2},"end":{"line":29,"column":8}},"loc":{"start":{"line":29,"column":48},"end":{"line":35,"column":null}}}},"branchMap":{"0":{"loc":{"start":{"line":31,"column":4},"end":{"line":33,"column":5}},"type":"if","locations":[{"start":{"line":31,"column":4},"end":{"line":33,"column":5}}]}},"s":{"0":1,"1":1,"2":2,"3":1,"4":2,"5":2,"6":2,"7":1,"8":2,"9":2,"10":2,"11":2,"12":1,"13":1,"14":1},"f":{"0":2,"1":2,"2":2,"3":2,"4":2},"b":{"0":[1]}}
,"/Users/mac/Desktop/backendOstedhy/src/database/repositories/magazine.repository.ts": {"path":"/Users/mac/Desktop/backendOstedhy/src/database/repositories/magazine.repository.ts","statementMap":{"0":{"start":{"line":1,"column":0},"end":{"line":1,"column":44}},"1":{"start":{"line":2,"column":0},"end":{"line":2,"column":70}},"2":{"start":{"line":6,"column":4},"end":{"line":6,"column":27}},"3":{"start":{"line":10,"column":4},"end":{"line":10,"column":41}},"4":{"start":{"line":14,"column":4},"end":{"line":14,"column":41}},"5":{"start":{"line":18,"column":4},"end":{"line":18,"column":79}},"6":{"start":{"line":22,"column":28},"end":{"line":22,"column":72}},"7":{"start":{"line":23,"column":4},"end":{"line":25,"column":5}},"8":{"start":{"line":24,"column":6},"end":{"line":24,"column":64}},"9":{"start":{"line":29,"column":0},"end":{"line":29,"column":34}}},"fnMap":{"0":{"name":"(anonymous_8)","decl":{"start":{"line":5,"column":2},"end":{"line":5,"column":8}},"loc":{"start":{"line":5,"column":30},"end":{"line":7,"column":null}}},"1":{"name":"(anonymous_10)","decl":{"start":{"line":9,"column":2},"end":{"line":9,"column":8}},"loc":{"start":{"line":9,"column":49},"end":{"line":11,"column":null}}},"2":{"name":"(anonymous_12)","decl":{"start":{"line":13,"column":2},"end":{"line":13,"column":8}},"loc":{"start":{"line":13,"column":47},"end":{"line":15,"column":null}}},"3":{"name":"(anonymous_14)","decl":{"start":{"line":17,"column":2},"end":{"line":17,"column":8}},"loc":{"start":{"line":17,"column":71},"end":{"line":19,"column":null}}},"4":{"name":"(anonymous_16)","decl":{"start":{"line":21,"column":2},"end":{"line":21,"column":8}},"loc":{"start":{"line":21,"column":52},"end":{"line":26,"column":null}}}},"branchMap":{"0":{"loc":{"start":{"line":23,"column":4},"end":{"line":25,"column":5}},"type":"if","locations":[{"start":{"line":23,"column":4},"end":{"line":25,"column":5}}]}},"s":{"0":1,"1":1,"2":2,"3":2,"4":2,"5":2,"6":2,"7":2,"8":1,"9":1},"f":{"0":2,"1":2,"2":2,"3":2,"4":2},"b":{"0":[1]}}
,"/Users/mac/Desktop/backendOstedhy/src/database/repositories/session.repository.ts": {"path":"/Users/mac/Desktop/backendOstedhy/src/database/repositories/session.repository.ts","statementMap":{"0":{"start":{"line":1,"column":0},"end":{"line":1,"column":44}},"1":{"start":{"line":2,"column":0},"end":{"line":2,"column":67}},"2":{"start":{"line":7,"column":4},"end":{"line":7,"column":26}},"3":{"start":{"line":11,"column":4},"end":{"line":11,"column":39}},"4":{"start":{"line":15,"column":4},"end":{"line":15,"column":39}},"5":{"start":{"line":19,"column":4},"end":{"line":19,"column":76}},"6":{"start":{"line":23,"column":27},"end":{"line":23,"column":69}},"7":{"start":{"line":24,"column":4},"end":{"line":26,"column":5}},"8":{"start":{"line":25,"column":6},"end":{"line":25,"column":63}},"9":{"start":{"line":30,"column":0},"end":{"line":30,"column":33}}},"fnMap":{"0":{"name":"(anonymous_8)","decl":{"start":{"line":6,"column":2},"end":{"line":6,"column":8}},"loc":{"start":{"line":6,"column":29},"end":{"line":8,"column":null}}},"1":{"name":"(anonymous_10)","decl":{"start":{"line":10,"column":2},"end":{"line":10,"column":8}},"loc":{"start":{"line":10,"column":47},"end":{"line":12,"column":null}}},"2":{"name":"(anonymous_12)","decl":{"start":{"line":14,"column":2},"end":{"line":14,"column":8}},"loc":{"start":{"line":14,"column":45},"end":{"line":16,"column":null}}},"3":{"name":"(anonymous_14)","decl":{"start":{"line":18,"column":2},"end":{"line":18,"column":8}},"loc":{"start":{"line":18,"column":68},"end":{"line":20,"column":null}}},"4":{"name":"(anonymous_16)","decl":{"start":{"line":22,"column":2},"end":{"line":22,"column":8}},"loc":{"start":{"line":22,"column":50},"end":{"line":27,"column":null}}}},"branchMap":{"0":{"loc":{"start":{"line":24,"column":4},"end":{"line":26,"column":5}},"type":"if","locations":[{"start":{"line":24,"column":4},"end":{"line":26,"column":5}}]}},"s":{"0":1,"1":1,"2":2,"3":2,"4":2,"5":2,"6":2,"7":2,"8":1,"9":1},"f":{"0":2,"1":2,"2":2,"3":2,"4":2},"b":{"0":[1]}}
,"/Users/mac/Desktop/backendOstedhy/src/database/repositories/teacher.repository.ts": {"path":"/Users/mac/Desktop/backendOstedhy/src/database/repositories/teacher.repository.ts","statementMap":{"0":{"start":{"line":1,"column":0},"end":{"line":1,"column":44}},"1":{"start":{"line":2,"column":0},"end":{"line":2,"column":67}},"2":{"start":{"line":7,"column":4},"end":{"line":7,"column":26}},"3":{"start":{"line":11,"column":4},"end":{"line":11,"column":39}},"4":{"start":{"line":15,"column":4},"end":{"line":15,"column":39}},"5":{"start":{"line":19,"column":4},"end":{"line":19,"column":76}},"6":{"start":{"line":23,"column":27},"end":{"line":23,"column":69}},"7":{"start":{"line":24,"column":4},"end":{"line":26,"column":5}},"8":{"start":{"line":25,"column":6},"end":{"line":25,"column":63}},"9":{"start":{"line":30,"column":0},"end":{"line":30,"column":33}}},"fnMap":{"0":{"name":"(anonymous_8)","decl":{"start":{"line":6,"column":2},"end":{"line":6,"column":8}},"loc":{"start":{"line":6,"column":29},"end":{"line":8,"column":null}}},"1":{"name":"(anonymous_10)","decl":{"start":{"line":10,"column":2},"end":{"line":10,"column":8}},"loc":{"start":{"line":10,"column":47},"end":{"line":12,"column":null}}},"2":{"name":"(anonymous_12)","decl":{"start":{"line":14,"column":2},"end":{"line":14,"column":8}},"loc":{"start":{"line":14,"column":45},"end":{"line":16,"column":null}}},"3":{"name":"(anonymous_14)","decl":{"start":{"line":18,"column":2},"end":{"line":18,"column":8}},"loc":{"start":{"line":18,"column":68},"end":{"line":20,"column":null}}},"4":{"name":"(anonymous_16)","decl":{"start":{"line":22,"column":2},"end":{"line":22,"column":8}},"loc":{"start":{"line":22,"column":50},"end":{"line":27,"column":null}}}},"branchMap":{"0":{"loc":{"start":{"line":24,"column":4},"end":{"line":26,"column":5}},"type":"if","locations":[{"start":{"line":24,"column":4},"end":{"line":26,"column":5}}]}},"s":{"0":1,"1":1,"2":1,"3":1,"4":1,"5":1,"6":0,"7":0,"8":0,"9":1},"f":{"0":1,"1":1,"2":1,"3":1,"4":0},"b":{"0":[0]}}
,"/Users/mac/Desktop/backendOstedhy/src/database/repositories/user_role.repository.ts": {"path":"/Users/mac/Desktop/backendOstedhy/src/database/repositories/user_role.repository.ts","statementMap":{"0":{"start":{"line":1,"column":0},"end":{"line":1,"column":44}},"1":{"start":{"line":2,"column":0},"end":{"line":2,"column":73}},"2":{"start":{"line":7,"column":4},"end":{"line":7,"column":28}},"3":{"start":{"line":11,"column":4},"end":{"line":11,"column":43}},"4":{"start":{"line":15,"column":4},"end":{"line":15,"column":43}},"5":{"start":{"line":19,"column":4},"end":{"line":19,"column":82}},"6":{"start":{"line":23,"column":29},"end":{"line":23,"column":75}},"7":{"start":{"line":24,"column":4},"end":{"line":26,"column":5}},"8":{"start":{"line":25,"column":6},"end":{"line":25,"column":65}},"9":{"start":{"line":30,"column":0},"end":{"line":30,"column":35}}},"fnMap":{"0":{"name":"(anonymous_8)","decl":{"start":{"line":6,"column":2},"end":{"line":6,"column":8}},"loc":{"start":{"line":6,"column":31},"end":{"line":8,"column":null}}},"1":{"name":"(anonymous_10)","decl":{"start":{"line":10,"column":2},"end":{"line":10,"column":8}},"loc":{"start":{"line":10,"column":51},"end":{"line":12,"column":null}}},"2":{"name":"(anonymous_12)","decl":{"start":{"line":14,"column":2},"end":{"line":14,"column":8}},"loc":{"start":{"line":14,"column":49},"end":{"line":16,"column":null}}},"3":{"name":"(anonymous_14)","decl":{"start":{"line":18,"column":2},"end":{"line":18,"column":8}},"loc":{"start":{"line":18,"column":74},"end":{"line":20,"column":null}}},"4":{"name":"(anonymous_16)","decl":{"start":{"line":22,"column":2},"end":{"line":22,"column":8}},"loc":{"start":{"line":22,"column":54},"end":{"line":27,"column":null}}}},"branchMap":{"0":{"loc":{"start":{"line":24,"column":4},"end":{"line":26,"column":5}},"type":"if","locations":[{"start":{"line":24,"column":4},"end":{"line":26,"column":5}}]}},"s":{"0":1,"1":1,"2":0,"3":0,"4":0,"5":0,"6":0,"7":0,"8":0,"9":1},"f":{"0":0,"1":0,"2":0,"3":0,"4":0},"b":{"0":[0]}}
,"/Users/mac/Desktop/backendOstedhy/src/services/chapter.service.ts": {"path":"/Users/mac/Desktop/backendOstedhy/src/services/chapter.service.ts","statementMap":{"0":{"start":{"line":1,"column":0},"end":{"line":1,"column":66}},"1":{"start":{"line":2,"column":0},"end":{"line":2,"column":41}},"2":{"start":{"line":6,"column":21},"end":{"line":6,"column":51}},"3":{"start":{"line":7,"column":4},"end":{"line":13,"column":6}},"4":{"start":{"line":17,"column":20},"end":{"line":17,"column":59}},"5":{"start":{"line":18,"column":4},"end":{"line":20,"column":5}},"6":{"start":{"line":19,"column":6},"end":{"line":19,"column":63}},"7":{"start":{"line":21,"column":4},"end":{"line":26,"column":6}},"8":{"start":{"line":30,"column":27},"end":{"line":30,"column":67}},"9":{"start":{"line":31,"column":4},"end":{"line":36,"column":6}},"10":{"start":{"line":40,"column":27},"end":{"line":40,"column":82}},"11":{"start":{"line":41,"column":4},"end":{"line":43,"column":5}},"12":{"start":{"line":42,"column":6},"end":{"line":42,"column":63}},"13":{"start":{"line":44,"column":4},"end":{"line":49,"column":6}},"14":{"start":{"line":53,"column":5},"end":{"line":53,"column":48}},"15":{"start":{"line":54,"column":4},"end":{"line":57,"column":6}},"16":{"start":{"line":61,"column":0},"end":{"line":61,"column":30}}},"fnMap":{"0":{"name":"(anonymous_8)","decl":{"start":{"line":5,"column":2},"end":{"line":5,"column":8}},"loc":{"start":{"line":5,"column":29},"end":{"line":14,"column":null}}},"1":{"name":"(anonymous_10)","decl":{"start":{"line":16,"column":2},"end":{"line":16,"column":8}},"loc":{"start":{"line":16,"column":47},"end":{"line":27,"column":null}}},"2":{"name":"(anonymous_12)","decl":{"start":{"line":29,"column":2},"end":{"line":29,"column":8}},"loc":{"start":{"line":29,"column":45},"end":{"line":37,"column":null}}},"3":{"name":"(anonymous_14)","decl":{"start":{"line":39,"column":2},"end":{"line":39,"column":8}},"loc":{"start":{"line":39,"column":68},"end":{"line":50,"column":null}}},"4":{"name":"(anonymous_16)","decl":{"start":{"line":52,"column":2},"end":{"line":52,"column":8}},"loc":{"start":{"line":52,"column":50},"end":{"line":58,"column":null}}}},"branchMap":{"0":{"loc":{"start":{"line":18,"column":4},"end":{"line":20,"column":5}},"type":"if","locations":[{"start":{"line":18,"column":4},"end":{"line":20,"column":5}}]},"1":{"loc":{"start":{"line":41,"column":4},"end":{"line":43,"column":5}},"type":"if","locations":[{"start":{"line":41,"column":4},"end":{"line":43,"column":5}}]}},"s":{"0":1,"1":1,"2":1,"3":1,"4":1,"5":1,"6":0,"7":1,"8":1,"9":1,"10":2,"11":2,"12":1,"13":1,"14":1,"15":1,"16":1},"f":{"0":1,"1":1,"2":1,"3":2,"4":1},"b":{"0":[0],"1":[1]}}
,"/Users/mac/Desktop/backendOstedhy/src/services/comment.service.ts": {"path":"/Users/mac/Desktop/backendOstedhy/src/services/comment.service.ts","statementMap":{"0":{"start":{"line":1,"column":0},"end":{"line":1,"column":66}},"1":{"start":{"line":2,"column":0},"end":{"line":2,"column":41}},"2":{"start":{"line":6,"column":21},"end":{"line":6,"column":51}},"3":{"start":{"line":7,"column":4},"end":{"line":13,"column":6}},"4":{"start":{"line":17,"column":20},"end":{"line":17,"column":59}},"5":{"start":{"line":18,"column":4},"end":{"line":20,"column":5}},"6":{"start":{"line":19,"column":6},"end":{"line":19,"column":63}},"7":{"start":{"line":21,"column":4},"end":{"line":26,"column":6}},"8":{"start":{"line":30,"column":23},"end":{"line":30,"column":63}},"9":{"start":{"line":31,"column":4},"end":{"line":36,"column":6}},"10":{"start":{"line":40,"column":27},"end":{"line":40,"column":82}},"11":{"start":{"line":41,"column":4},"end":{"line":43,"column":5}},"12":{"start":{"line":42,"column":6},"end":{"line":42,"column":63}},"13":{"start":{"line":44,"column":4},"end":{"line":49,"column":6}},"14":{"start":{"line":53,"column":27},"end":{"line":53,"column":69}},"15":{"start":{"line":54,"column":4},"end":{"line":56,"column":5}},"16":{"start":{"line":55,"column":6},"end":{"line":55,"column":63}},"17":{"start":{"line":57,"column":4},"end":{"line":60,"column":6}},"18":{"start":{"line":64,"column":0},"end":{"line":64,"column":30}}},"fnMap":{"0":{"name":"(anonymous_8)","decl":{"start":{"line":5,"column":2},"end":{"line":5,"column":8}},"loc":{"start":{"line":5,"column":29},"end":{"line":14,"column":null}}},"1":{"name":"(anonymous_10)","decl":{"start":{"line":16,"column":2},"end":{"line":16,"column":8}},"loc":{"start":{"line":16,"column":47},"end":{"line":27,"column":null}}},"2":{"name":"(anonymous_12)","decl":{"start":{"line":29,"column":2},"end":{"line":29,"column":8}},"loc":{"start":{"line":29,"column":45},"end":{"line":37,"column":null}}},"3":{"name":"(anonymous_14)","decl":{"start":{"line":39,"column":2},"end":{"line":39,"column":8}},"loc":{"start":{"line":39,"column":68},"end":{"line":50,"column":null}}},"4":{"name":"(anonymous_16)","decl":{"start":{"line":52,"column":2},"end":{"line":52,"column":8}},"loc":{"start":{"line":52,"column":50},"end":{"line":61,"column":null}}}},"branchMap":{"0":{"loc":{"start":{"line":18,"column":4},"end":{"line":20,"column":5}},"type":"if","locations":[{"start":{"line":18,"column":4},"end":{"line":20,"column":5}}]},"1":{"loc":{"start":{"line":41,"column":4},"end":{"line":43,"column":5}},"type":"if","locations":[{"start":{"line":41,"column":4},"end":{"line":43,"column":5}}]},"2":{"loc":{"start":{"line":54,"column":4},"end":{"line":56,"column":5}},"type":"if","locations":[{"start":{"line":54,"column":4},"end":{"line":56,"column":5}}]}},"s":{"0":1,"1":1,"2":2,"3":1,"4":2,"5":2,"6":1,"7":1,"8":2,"9":1,"10":2,"11":2,"12":1,"13":1,"14":2,"15":2,"16":1,"17":1,"18":1},"f":{"0":2,"1":2,"2":2,"3":2,"4":2},"b":{"0":[1],"1":[1],"2":[1]}}
,"/Users/mac/Desktop/backendOstedhy/src/services/course.service.ts": {"path":"/Users/mac/Desktop/backendOstedhy/src/services/course.service.ts","statementMap":{"0":{"start":{"line":1,"column":0},"end":{"line":1,"column":64}},"1":{"start":{"line":2,"column":0},"end":{"line":2,"column":41}},"2":{"start":{"line":6,"column":20},"end":{"line":6,"column":48}},"3":{"start":{"line":7,"column":4},"end":{"line":13,"column":6}},"4":{"start":{"line":17,"column":19},"end":{"line":17,"column":55}},"5":{"start":{"line":18,"column":4},"end":{"line":20,"column":5}},"6":{"start":{"line":19,"column":6},"end":{"line":19,"column":62}},"7":{"start":{"line":21,"column":4},"end":{"line":26,"column":6}},"8":{"start":{"line":30,"column":22},"end":{"line":30,"column":59}},"9":{"start":{"line":31,"column":4},"end":{"line":36,"column":6}},"10":{"start":{"line":40,"column":26},"end":{"line":40,"column":77}},"11":{"start":{"line":41,"column":4},"end":{"line":43,"column":5}},"12":{"start":{"line":42,"column":6},"end":{"line":42,"column":62}},"13":{"start":{"line":44,"column":4},"end":{"line":49,"column":6}},"14":{"start":{"line":53,"column":5},"end":{"line":53,"column":45}},"15":{"start":{"line":54,"column":4},"end":{"line":57,"column":6}},"16":{"start":{"line":61,"column":0},"end":{"line":61,"column":29}}},"fnMap":{"0":{"name":"(anonymous_8)","decl":{"start":{"line":5,"column":2},"end":{"line":5,"column":8}},"loc":{"start":{"line":5,"column":28},"end":{"line":14,"column":null}}},"1":{"name":"(anonymous_10)","decl":{"start":{"line":16,"column":2},"end":{"line":16,"column":8}},"loc":{"start":{"line":16,"column":45},"end":{"line":27,"column":null}}},"2":{"name":"(anonymous_12)","decl":{"start":{"line":29,"column":2},"end":{"line":29,"column":8}},"loc":{"start":{"line":29,"column":43},"end":{"line":37,"column":null}}},"3":{"name":"(anonymous_14)","decl":{"start":{"line":39,"column":2},"end":{"line":39,"column":8}},"loc":{"start":{"line":39,"column":65},"end":{"line":50,"column":null}}},"4":{"name":"(anonymous_16)","decl":{"start":{"line":52,"column":2},"end":{"line":52,"column":8}},"loc":{"start":{"line":52,"column":48},"end":{"line":58,"column":null}}}},"branchMap":{"0":{"loc":{"start":{"line":18,"column":4},"end":{"line":20,"column":5}},"type":"if","locations":[{"start":{"line":18,"column":4},"end":{"line":20,"column":5}}]},"1":{"loc":{"start":{"line":41,"column":4},"end":{"line":43,"column":5}},"type":"if","locations":[{"start":{"line":41,"column":4},"end":{"line":43,"column":5}}]}},"s":{"0":1,"1":1,"2":2,"3":1,"4":2,"5":2,"6":1,"7":1,"8":2,"9":1,"10":2,"11":2,"12":1,"13":1,"14":2,"15":1,"16":1},"f":{"0":2,"1":2,"2":2,"3":2,"4":2},"b":{"0":[1],"1":[1]}}
,"/Users/mac/Desktop/backendOstedhy/src/services/lesson.service.ts": {"path":"/Users/mac/Desktop/backendOstedhy/src/services/lesson.service.ts","statementMap":{"0":{"start":{"line":2,"column":0},"end":{"line":2,"column":75}},"1":{"start":{"line":3,"column":0},"end":{"line":3,"column":41}},"2":{"start":{"line":7,"column":20},"end":{"line":7,"column":58}},"3":{"start":{"line":8,"column":4},"end":{"line":14,"column":6}},"4":{"start":{"line":18,"column":19},"end":{"line":18,"column":65}},"5":{"start":{"line":19,"column":4},"end":{"line":21,"column":5}},"6":{"start":{"line":20,"column":6},"end":{"line":20,"column":62}},"7":{"start":{"line":22,"column":4},"end":{"line":27,"column":6}},"8":{"start":{"line":30,"column":22},"end":{"line":30,"column":69}},"9":{"start":{"line":31,"column":4},"end":{"line":36,"column":6}},"10":{"start":{"line":43,"column":26},"end":{"line":43,"column":87}},"11":{"start":{"line":44,"column":4},"end":{"line":46,"column":5}},"12":{"start":{"line":45,"column":6},"end":{"line":45,"column":62}},"13":{"start":{"line":47,"column":4},"end":{"line":52,"column":6}},"14":{"start":{"line":55,"column":4},"end":{"line":55,"column":54}},"15":{"start":{"line":56,"column":4},"end":{"line":59,"column":6}},"16":{"start":{"line":63,"column":0},"end":{"line":63,"column":29}}},"fnMap":{"0":{"name":"(anonymous_8)","decl":{"start":{"line":6,"column":2},"end":{"line":6,"column":8}},"loc":{"start":{"line":6,"column":28},"end":{"line":15,"column":null}}},"1":{"name":"(anonymous_10)","decl":{"start":{"line":17,"column":2},"end":{"line":17,"column":8}},"loc":{"start":{"line":17,"column":45},"end":{"line":28,"column":null}}},"2":{"name":"(anonymous_12)","decl":{"start":{"line":29,"column":2},"end":{"line":29,"column":8}},"loc":{"start":{"line":29,"column":43},"end":{"line":37,"column":null}}},"3":{"name":"(anonymous_14)","decl":{"start":{"line":39,"column":2},"end":{"line":39,"column":8}},"loc":{"start":{"line":41,"column":19},"end":{"line":53,"column":null}}},"4":{"name":"(anonymous_16)","decl":{"start":{"line":54,"column":2},"end":{"line":54,"column":8}},"loc":{"start":{"line":54,"column":48},"end":{"line":60,"column":null}}}},"branchMap":{"0":{"loc":{"start":{"line":19,"column":4},"end":{"line":21,"column":5}},"type":"if","locations":[{"start":{"line":19,"column":4},"end":{"line":21,"column":5}}]},"1":{"loc":{"start":{"line":44,"column":4},"end":{"line":46,"column":5}},"type":"if","locations":[{"start":{"line":44,"column":4},"end":{"line":46,"column":5}}]}},"s":{"0":1,"1":1,"2":2,"3":1,"4":2,"5":2,"6":1,"7":1,"8":2,"9":1,"10":2,"11":2,"12":1,"13":1,"14":2,"15":1,"16":1},"f":{"0":2,"1":2,"2":2,"3":2,"4":2},"b":{"0":[1],"1":[1]}}
,"/Users/mac/Desktop/backendOstedhy/src/services/magazine.service.ts": {"path":"/Users/mac/Desktop/backendOstedhy/src/services/magazine.service.ts","statementMap":{"0":{"start":{"line":1,"column":0},"end":{"line":1,"column":68}},"1":{"start":{"line":2,"column":0},"end":{"line":2,"column":41}},"2":{"start":{"line":6,"column":22},"end":{"line":6,"column":54}},"3":{"start":{"line":7,"column":4},"end":{"line":13,"column":6}},"4":{"start":{"line":17,"column":21},"end":{"line":17,"column":63}},"5":{"start":{"line":18,"column":4},"end":{"line":20,"column":5}},"6":{"start":{"line":19,"column":6},"end":{"line":19,"column":64}},"7":{"start":{"line":21,"column":4},"end":{"line":26,"column":6}},"8":{"start":{"line":30,"column":24},"end":{"line":30,"column":67}},"9":{"start":{"line":31,"column":4},"end":{"line":36,"column":6}},"10":{"start":{"line":40,"column":28},"end":{"line":40,"column":87}},"11":{"start":{"line":41,"column":4},"end":{"line":43,"column":5}},"12":{"start":{"line":42,"column":6},"end":{"line":42,"column":64}},"13":{"start":{"line":44,"column":4},"end":{"line":49,"column":6}},"14":{"start":{"line":53,"column":28},"end":{"line":53,"column":73}},"15":{"start":{"line":55,"column":4},"end":{"line":58,"column":6}},"16":{"start":{"line":62,"column":0},"end":{"line":62,"column":31}}},"fnMap":{"0":{"name":"(anonymous_8)","decl":{"start":{"line":5,"column":2},"end":{"line":5,"column":8}},"loc":{"start":{"line":5,"column":30},"end":{"line":14,"column":null}}},"1":{"name":"(anonymous_10)","decl":{"start":{"line":16,"column":2},"end":{"line":16,"column":8}},"loc":{"start":{"line":16,"column":49},"end":{"line":27,"column":null}}},"2":{"name":"(anonymous_12)","decl":{"start":{"line":29,"column":2},"end":{"line":29,"column":8}},"loc":{"start":{"line":29,"column":47},"end":{"line":37,"column":null}}},"3":{"name":"(anonymous_14)","decl":{"start":{"line":39,"column":2},"end":{"line":39,"column":8}},"loc":{"start":{"line":39,"column":71},"end":{"line":50,"column":null}}},"4":{"name":"(anonymous_16)","decl":{"start":{"line":52,"column":2},"end":{"line":52,"column":8}},"loc":{"start":{"line":52,"column":52},"end":{"line":59,"column":null}}}},"branchMap":{"0":{"loc":{"start":{"line":18,"column":4},"end":{"line":20,"column":5}},"type":"if","locations":[{"start":{"line":18,"column":4},"end":{"line":20,"column":5}}]},"1":{"loc":{"start":{"line":41,"column":4},"end":{"line":43,"column":5}},"type":"if","locations":[{"start":{"line":41,"column":4},"end":{"line":43,"column":5}}]}},"s":{"0":1,"1":1,"2":2,"3":1,"4":2,"5":2,"6":1,"7":1,"8":2,"9":1,"10":2,"11":2,"12":1,"13":1,"14":2,"15":1,"16":1},"f":{"0":2,"1":2,"2":2,"3":2,"4":2},"b":{"0":[1],"1":[1]}}
,"/Users/mac/Desktop/backendOstedhy/src/services/session.service.ts": {"path":"/Users/mac/Desktop/backendOstedhy/src/services/session.service.ts","statementMap":{"0":{"start":{"line":1,"column":0},"end":{"line":1,"column":66}},"1":{"start":{"line":2,"column":0},"end":{"line":2,"column":41}},"2":{"start":{"line":6,"column":21},"end":{"line":6,"column":51}},"3":{"start":{"line":7,"column":4},"end":{"line":13,"column":6}},"4":{"start":{"line":17,"column":20},"end":{"line":17,"column":59}},"5":{"start":{"line":18,"column":4},"end":{"line":20,"column":5}},"6":{"start":{"line":19,"column":6},"end":{"line":19,"column":63}},"7":{"start":{"line":21,"column":4},"end":{"line":26,"column":6}},"8":{"start":{"line":30,"column":23},"end":{"line":30,"column":63}},"9":{"start":{"line":31,"column":4},"end":{"line":36,"column":6}},"10":{"start":{"line":40,"column":27},"end":{"line":40,"column":82}},"11":{"start":{"line":41,"column":4},"end":{"line":43,"column":5}},"12":{"start":{"line":42,"column":6},"end":{"line":42,"column":63}},"13":{"start":{"line":44,"column":4},"end":{"line":49,"column":6}},"14":{"start":{"line":53,"column":27},"end":{"line":53,"column":69}},"15":{"start":{"line":55,"column":4},"end":{"line":58,"column":6}},"16":{"start":{"line":62,"column":0},"end":{"line":62,"column":30}}},"fnMap":{"0":{"name":"(anonymous_8)","decl":{"start":{"line":5,"column":2},"end":{"line":5,"column":8}},"loc":{"start":{"line":5,"column":29},"end":{"line":14,"column":null}}},"1":{"name":"(anonymous_10)","decl":{"start":{"line":16,"column":2},"end":{"line":16,"column":8}},"loc":{"start":{"line":16,"column":47},"end":{"line":27,"column":null}}},"2":{"name":"(anonymous_12)","decl":{"start":{"line":29,"column":2},"end":{"line":29,"column":8}},"loc":{"start":{"line":29,"column":45},"end":{"line":37,"column":null}}},"3":{"name":"(anonymous_14)","decl":{"start":{"line":39,"column":2},"end":{"line":39,"column":8}},"loc":{"start":{"line":39,"column":68},"end":{"line":50,"column":null}}},"4":{"name":"(anonymous_16)","decl":{"start":{"line":52,"column":2},"end":{"line":52,"column":8}},"loc":{"start":{"line":52,"column":50},"end":{"line":59,"column":null}}}},"branchMap":{"0":{"loc":{"start":{"line":18,"column":4},"end":{"line":20,"column":5}},"type":"if","locations":[{"start":{"line":18,"column":4},"end":{"line":20,"column":5}}]},"1":{"loc":{"start":{"line":41,"column":4},"end":{"line":43,"column":5}},"type":"if","locations":[{"start":{"line":41,"column":4},"end":{"line":43,"column":5}}]}},"s":{"0":1,"1":1,"2":2,"3":1,"4":2,"5":2,"6":1,"7":1,"8":2,"9":1,"10":2,"11":2,"12":1,"13":1,"14":2,"15":1,"16":1},"f":{"0":2,"1":2,"2":2,"3":2,"4":2},"b":{"0":[1],"1":[1]}}
,"/Users/mac/Desktop/backendOstedhy/src/services/teacher.service.ts": {"path":"/Users/mac/Desktop/backendOstedhy/src/services/teacher.service.ts","statementMap":{"0":{"start":{"line":1,"column":0},"end":{"line":1,"column":66}},"1":{"start":{"line":2,"column":0},"end":{"line":2,"column":41}},"2":{"start":{"line":6,"column":21},"end":{"line":6,"column":51}},"3":{"start":{"line":7,"column":4},"end":{"line":13,"column":6}},"4":{"start":{"line":17,"column":20},"end":{"line":17,"column":59}},"5":{"start":{"line":18,"column":4},"end":{"line":20,"column":5}},"6":{"start":{"line":19,"column":6},"end":{"line":19,"column":63}},"7":{"start":{"line":21,"column":4},"end":{"line":26,"column":6}},"8":{"start":{"line":30,"column":23},"end":{"line":30,"column":63}},"9":{"start":{"line":31,"column":4},"end":{"line":36,"column":6}},"10":{"start":{"line":40,"column":27},"end":{"line":40,"column":82}},"11":{"start":{"line":41,"column":4},"end":{"line":43,"column":5}},"12":{"start":{"line":42,"column":6},"end":{"line":42,"column":63}},"13":{"start":{"line":44,"column":4},"end":{"line":49,"column":6}},"14":{"start":{"line":53,"column":5},"end":{"line":53,"column":48}},"15":{"start":{"line":55,"column":4},"end":{"line":58,"column":6}},"16":{"start":{"line":61,"column":0},"end":{"line":61,"column":30}}},"fnMap":{"0":{"name":"(anonymous_8)","decl":{"start":{"line":5,"column":2},"end":{"line":5,"column":8}},"loc":{"start":{"line":5,"column":29},"end":{"line":14,"column":null}}},"1":{"name":"(anonymous_10)","decl":{"start":{"line":16,"column":2},"end":{"line":16,"column":8}},"loc":{"start":{"line":16,"column":47},"end":{"line":27,"column":null}}},"2":{"name":"(anonymous_12)","decl":{"start":{"line":29,"column":2},"end":{"line":29,"column":8}},"loc":{"start":{"line":29,"column":45},"end":{"line":37,"column":null}}},"3":{"name":"(anonymous_14)","decl":{"start":{"line":39,"column":2},"end":{"line":39,"column":8}},"loc":{"start":{"line":39,"column":68},"end":{"line":50,"column":null}}},"4":{"name":"(anonymous_16)","decl":{"start":{"line":52,"column":2},"end":{"line":52,"column":8}},"loc":{"start":{"line":52,"column":50},"end":{"line":59,"column":null}}}},"branchMap":{"0":{"loc":{"start":{"line":18,"column":4},"end":{"line":20,"column":5}},"type":"if","locations":[{"start":{"line":18,"column":4},"end":{"line":20,"column":5}}]},"1":{"loc":{"start":{"line":41,"column":4},"end":{"line":43,"column":5}},"type":"if","locations":[{"start":{"line":41,"column":4},"end":{"line":43,"column":5}}]}},"s":{"0":1,"1":1,"2":1,"3":1,"4":1,"5":1,"6":0,"7":1,"8":1,"9":1,"10":1,"11":1,"12":0,"13":1,"14":0,"15":0,"16":1},"f":{"0":1,"1":1,"2":1,"3":1,"4":0},"b":{"0":[0],"1":[0]}}
,"/Users/mac/Desktop/backendOstedhy/src/services/user_role.service.ts": {"path":"/Users/mac/Desktop/backendOstedhy/src/services/user_role.service.ts","statementMap":{"0":{"start":{"line":1,"column":0},"end":{"line":1,"column":70}},"1":{"start":{"line":2,"column":0},"end":{"line":2,"column":41}},"2":{"start":{"line":6,"column":22},"end":{"line":6,"column":56}},"3":{"start":{"line":7,"column":4},"end":{"line":13,"column":6}},"4":{"start":{"line":17,"column":21},"end":{"line":17,"column":65}},"5":{"start":{"line":18,"column":4},"end":{"line":20,"column":5}},"6":{"start":{"line":19,"column":6},"end":{"line":19,"column":65}},"7":{"start":{"line":21,"column":4},"end":{"line":26,"column":6}},"8":{"start":{"line":30,"column":24},"end":{"line":30,"column":69}},"9":{"start":{"line":31,"column":4},"end":{"line":36,"column":6}},"10":{"start":{"line":40,"column":28},"end":{"line":40,"column":89}},"11":{"start":{"line":41,"column":4},"end":{"line":43,"column":5}},"12":{"start":{"line":42,"column":6},"end":{"line":42,"column":65}},"13":{"start":{"line":44,"column":4},"end":{"line":49,"column":6}},"14":{"start":{"line":53,"column":4},"end":{"line":53,"column":52}},"15":{"start":{"line":54,"column":4},"end":{"line":57,"column":6}},"16":{"start":{"line":61,"column":0},"end":{"line":61,"column":31}}},"fnMap":{"0":{"name":"(anonymous_8)","decl":{"start":{"line":5,"column":2},"end":{"line":5,"column":8}},"loc":{"start":{"line":5,"column":30},"end":{"line":14,"column":null}}},"1":{"name":"(anonymous_10)","decl":{"start":{"line":16,"column":2},"end":{"line":16,"column":8}},"loc":{"start":{"line":16,"column":49},"end":{"line":27,"column":null}}},"2":{"name":"(anonymous_12)","decl":{"start":{"line":29,"column":2},"end":{"line":29,"column":8}},"loc":{"start":{"line":29,"column":47},"end":{"line":37,"column":null}}},"3":{"name":"(anonymous_14)","decl":{"start":{"line":39,"column":2},"end":{"line":39,"column":8}},"loc":{"start":{"line":39,"column":71},"end":{"line":50,"column":null}}},"4":{"name":"(anonymous_16)","decl":{"start":{"line":52,"column":2},"end":{"line":52,"column":8}},"loc":{"start":{"line":52,"column":52},"end":{"line":58,"column":null}}}},"branchMap":{"0":{"loc":{"start":{"line":18,"column":4},"end":{"line":20,"column":5}},"type":"if","locations":[{"start":{"line":18,"column":4},"end":{"line":20,"column":5}}]},"1":{"loc":{"start":{"line":41,"column":4},"end":{"line":43,"column":5}},"type":"if","locations":[{"start":{"line":41,"column":4},"end":{"line":43,"column":5}}]}},"s":{"0":1,"1":1,"2":1,"3":1,"4":1,"5":1,"6":0,"7":1,"8":1,"9":1,"10":1,"11":1,"12":0,"13":1,"14":1,"15":1,"16":1},"f":{"0":1,"1":1,"2":1,"3":1,"4":1},"b":{"0":[0],"1":[0]}}
,"/Users/mac/Desktop/backendOstedhy/src/utils/AppError.ts": {"path":"/Users/mac/Desktop/backendOstedhy/src/utils/AppError.ts","statementMap":{"0":{"start":{"line":4,"column":4},"end":{"line":4,"column":19}},"1":{"start":{"line":3,"column":38},"end":{"line":3,"column":56}},"2":{"start":{"line":3,"column":65},"end":{"line":3,"column":79}},"3":{"start":{"line":5,"column":4},"end":{"line":5,"column":38}},"4":{"start":{"line":6,"column":4},"end":{"line":6,"column":52}},"5":{"start":{"line":2,"column":0},"end":{"line":2,"column":21}}},"fnMap":{"0":{"name":"(anonymous_0)","decl":{"start":{"line":3,"column":2},"end":{"line":3,"column":14}},"loc":{"start":{"line":3,"column":79},"end":{"line":7,"column":3}}}},"branchMap":{},"s":{"0":42,"1":42,"2":42,"3":42,"4":42,"5":9},"f":{"0":42},"b":{}}
}
