TN:
SF:src/controller/comment.controller.ts
FN:6,(anonymous_8)
FN:6,(anonymous_9)
FN:11,(anonymous_10)
FN:11,(anonymous_11)
FN:17,(anonymous_12)
FN:17,(anonymous_13)
FN:22,(anonymous_14)
FN:22,(anonymous_15)
FN:27,(anonymous_16)
FN:27,(anonymous_17)
FNF:10
FNH:10
FNDA:2,(anonymous_8)
FNDA:2,(anonymous_9)
FNDA:2,(anonymous_10)
FNDA:2,(anonymous_11)
FNDA:2,(anonymous_12)
FNDA:2,(anonymous_13)
FNDA:2,(anonymous_14)
FNDA:2,(anonymous_15)
FNDA:2,(anonymous_16)
FNDA:2,(anonymous_17)
DA:2,1
DA:3,1
DA:6,2
DA:7,2
DA:8,1
DA:11,2
DA:12,2
DA:13,1
DA:17,2
DA:18,2
DA:19,1
DA:22,2
DA:23,2
DA:24,1
DA:27,2
DA:28,2
DA:29,1
DA:34,1
LF:18
LH:18
BRF:0
BRH:0
end_of_record
TN:
SF:src/controller/course.controller.ts
FN:6,(anonymous_8)
FN:6,(anonymous_9)
FN:11,(anonymous_10)
FN:11,(anonymous_11)
FN:20,(anonymous_12)
FN:20,(anonymous_13)
FN:25,(anonymous_14)
FN:25,(anonymous_15)
FN:34,(anonymous_16)
FN:34,(anonymous_17)
FNF:10
FNH:10
FNDA:2,(anonymous_8)
FNDA:2,(anonymous_9)
FNDA:2,(anonymous_10)
FNDA:2,(anonymous_11)
FNDA:2,(anonymous_12)
FNDA:2,(anonymous_13)
FNDA:2,(anonymous_14)
FNDA:2,(anonymous_15)
FNDA:2,(anonymous_16)
FNDA:2,(anonymous_17)
DA:2,1
DA:3,1
DA:6,2
DA:7,2
DA:8,1
DA:11,2
DA:12,2
DA:13,2
DA:14,1
DA:16,1
DA:20,2
DA:21,2
DA:22,1
DA:25,2
DA:26,2
DA:27,2
DA:28,1
DA:30,1
DA:34,2
DA:35,2
DA:36,2
DA:37,1
DA:39,1
DA:44,1
LF:24
LH:24
BRF:0
BRH:0
end_of_record
TN:
SF:src/controller/lesson.controller.ts
FN:6,(anonymous_8)
FN:6,(anonymous_9)
FN:11,(anonymous_10)
FN:11,(anonymous_11)
FN:20,(anonymous_12)
FN:20,(anonymous_13)
FN:25,(anonymous_14)
FN:25,(anonymous_15)
FN:34,(anonymous_16)
FN:34,(anonymous_17)
FNF:10
FNH:10
FNDA:2,(anonymous_8)
FNDA:2,(anonymous_9)
FNDA:2,(anonymous_10)
FNDA:2,(anonymous_11)
FNDA:2,(anonymous_12)
FNDA:2,(anonymous_13)
FNDA:2,(anonymous_14)
FNDA:2,(anonymous_15)
FNDA:2,(anonymous_16)
FNDA:2,(anonymous_17)
DA:2,1
DA:3,1
DA:6,2
DA:7,2
DA:8,1
DA:11,2
DA:12,2
DA:13,2
DA:14,1
DA:16,1
DA:20,2
DA:21,2
DA:22,1
DA:25,2
DA:26,2
DA:27,2
DA:28,1
DA:30,1
DA:34,2
DA:35,2
DA:36,2
DA:37,1
DA:39,1
DA:44,1
LF:24
LH:24
BRF:0
BRH:0
end_of_record
TN:
SF:src/controller/magazine.controller.ts
FN:6,(anonymous_8)
FN:6,(anonymous_9)
FN:11,(anonymous_10)
FN:11,(anonymous_11)
FN:20,(anonymous_12)
FN:20,(anonymous_13)
FN:25,(anonymous_14)
FN:25,(anonymous_15)
FN:34,(anonymous_16)
FN:34,(anonymous_17)
FNF:10
FNH:10
FNDA:2,(anonymous_8)
FNDA:2,(anonymous_9)
FNDA:2,(anonymous_10)
FNDA:2,(anonymous_11)
FNDA:2,(anonymous_12)
FNDA:2,(anonymous_13)
FNDA:2,(anonymous_14)
FNDA:2,(anonymous_15)
FNDA:2,(anonymous_16)
FNDA:2,(anonymous_17)
DA:2,1
DA:3,1
DA:6,2
DA:7,2
DA:8,1
DA:11,2
DA:12,2
DA:13,2
DA:14,1
DA:16,1
DA:20,2
DA:21,2
DA:22,1
DA:25,2
DA:26,2
DA:27,2
DA:28,1
DA:30,1
DA:34,2
DA:35,2
DA:36,2
DA:37,1
DA:39,1
DA:44,1
LF:24
LH:24
BRF:0
BRH:0
end_of_record
TN:
SF:src/controller/session.controller.ts
FN:6,(anonymous_8)
FN:6,(anonymous_9)
FN:11,(anonymous_10)
FN:11,(anonymous_11)
FN:20,(anonymous_12)
FN:20,(anonymous_13)
FN:25,(anonymous_14)
FN:25,(anonymous_15)
FN:34,(anonymous_16)
FN:34,(anonymous_17)
FNF:10
FNH:10
FNDA:2,(anonymous_8)
FNDA:2,(anonymous_9)
FNDA:2,(anonymous_10)
FNDA:2,(anonymous_11)
FNDA:2,(anonymous_12)
FNDA:2,(anonymous_13)
FNDA:2,(anonymous_14)
FNDA:2,(anonymous_15)
FNDA:2,(anonymous_16)
FNDA:2,(anonymous_17)
DA:2,1
DA:3,1
DA:6,2
DA:7,2
DA:8,1
DA:11,2
DA:12,2
DA:13,2
DA:14,1
DA:16,1
DA:20,2
DA:21,2
DA:22,1
DA:25,2
DA:26,2
DA:27,2
DA:28,1
DA:30,1
DA:34,2
DA:35,2
DA:36,2
DA:37,1
DA:39,1
DA:44,1
LF:24
LH:24
BRF:0
BRH:0
end_of_record
TN:
SF:src/database/models/chapter.model.ts
FNF:0
FNH:0
DA:1,1
DA:13,1
DA:44,1
DA:46,1
LF:4
LH:4
BRF:0
BRH:0
end_of_record
TN:
SF:src/database/models/comment.model.ts
FNF:0
FNH:0
DA:1,1
DA:12,1
DA:37,1
DA:39,1
LF:4
LH:4
BRF:0
BRH:0
end_of_record
TN:
SF:src/database/models/coursemodel.ts
FNF:0
FNH:0
DA:1,1
DA:45,1
DA:114,1
DA:116,1
LF:4
LH:4
BRF:0
BRH:0
end_of_record
TN:
SF:src/database/models/lesson.model.ts
FNF:0
FNH:0
DA:1,1
DA:14,1
DA:45,1
DA:47,1
LF:4
LH:4
BRF:0
BRH:0
end_of_record
TN:
SF:src/database/models/magazine.model.ts
FNF:0
FNH:0
DA:2,1
DA:11,1
DA:28,1
DA:30,1
LF:4
LH:4
BRF:0
BRH:0
end_of_record
TN:
SF:src/database/models/session.model.ts
FNF:0
FNH:0
DA:2,1
DA:15,1
DA:36,1
DA:38,1
LF:4
LH:4
BRF:0
BRH:0
end_of_record
TN:
SF:src/database/models/teacher.model.ts
FNF:0
FNH:0
DA:2,1
DA:13,1
DA:35,1
DA:37,1
LF:4
LH:4
BRF:0
BRH:0
end_of_record
TN:
SF:src/database/models/user_role.model.ts
FNF:0
FNH:0
DA:2,1
DA:11,1
DA:28,1
DA:30,1
LF:4
LH:4
BRF:0
BRH:0
end_of_record
TN:
SF:src/database/models/usersmodel.ts
FN:66,(anonymous_14)
FN:92,(anonymous_15)
FN:121,(anonymous_17)
FNF:3
FNH:3
FNDA:1,(anonymous_14)
FNDA:1,(anonymous_15)
FNDA:1,(anonymous_17)
DA:2,1
DA:3,1
DA:4,1
DA:29,1
DA:67,1
DA:92,1
DA:97,1
DA:98,1
DA:99,0
DA:101,1
DA:121,1
DA:123,1
DA:126,1
DA:129,1
DA:131,1
DA:135,1
DA:137,1
LF:17
LH:16
BRDA:98,0,0,0
BRDA:101,1,0,0
BRDA:101,1,1,1
BRDA:101,2,0,1
BRDA:101,2,1,1
BRDA:123,3,0,0
BRF:6
BRH:3
end_of_record
TN:
SF:src/database/repositories/chapter.repository.ts
FN:6,(anonymous_8)
FN:12,(anonymous_10)
FN:18,(anonymous_12)
FN:24,(anonymous_14)
FN:30,(anonymous_16)
FNF:5
FNH:0
FNDA:0,(anonymous_8)
FNDA:0,(anonymous_10)
FNDA:0,(anonymous_12)
FNDA:0,(anonymous_14)
FNDA:0,(anonymous_16)
DA:2,1
DA:7,0
DA:8,0
DA:13,0
DA:14,0
DA:19,0
DA:20,0
DA:25,0
DA:26,0
DA:31,0
DA:32,0
DA:36,1
LF:12
LH:2
BRF:0
BRH:0
end_of_record
TN:
SF:src/database/repositories/comment.repository.ts
FN:6,(anonymous_8)
FN:12,(anonymous_10)
FN:18,(anonymous_12)
FN:24,(anonymous_14)
FN:30,(anonymous_16)
FNF:5
FNH:5
FNDA:2,(anonymous_8)
FNDA:2,(anonymous_10)
FNDA:2,(anonymous_12)
FNDA:2,(anonymous_14)
FNDA:2,(anonymous_16)
DA:2,1
DA:7,2
DA:8,1
DA:13,2
DA:14,2
DA:19,2
DA:20,1
DA:25,2
DA:26,2
DA:31,2
DA:32,2
DA:36,1
LF:12
LH:12
BRF:0
BRH:0
end_of_record
TN:
SF:src/database/repositories/course.repository.ts
FN:5,(anonymous_8)
FN:9,(anonymous_10)
FN:13,(anonymous_12)
FN:17,(anonymous_14)
FN:21,(anonymous_16)
FNF:5
FNH:5
FNDA:2,(anonymous_8)
FNDA:2,(anonymous_10)
FNDA:2,(anonymous_12)
FNDA:2,(anonymous_14)
FNDA:2,(anonymous_16)
DA:1,1
DA:2,1
DA:6,2
DA:10,2
DA:14,2
DA:18,2
DA:22,2
DA:23,2
DA:24,1
DA:29,1
LF:10
LH:10
BRDA:23,0,0,1
BRF:1
BRH:1
end_of_record
TN:
SF:src/database/repositories/lesson.reposoitory.ts
FN:5,(anonymous_8)
FN:10,(anonymous_10)
FN:15,(anonymous_12)
FN:20,(anonymous_14)
FN:29,(anonymous_16)
FNF:5
FNH:5
FNDA:2,(anonymous_8)
FNDA:2,(anonymous_10)
FNDA:2,(anonymous_12)
FNDA:2,(anonymous_14)
FNDA:2,(anonymous_16)
DA:1,1
DA:2,1
DA:6,2
DA:7,1
DA:11,2
DA:12,2
DA:16,2
DA:17,1
DA:21,2
DA:26,2
DA:30,2
DA:31,2
DA:32,1
DA:34,1
DA:38,1
LF:15
LH:15
BRDA:31,0,0,1
BRF:1
BRH:1
end_of_record
TN:
SF:src/database/repositories/magazine.repository.ts
FN:5,(anonymous_8)
FN:9,(anonymous_10)
FN:13,(anonymous_12)
FN:17,(anonymous_14)
FN:21,(anonymous_16)
FNF:5
FNH:5
FNDA:2,(anonymous_8)
FNDA:2,(anonymous_10)
FNDA:2,(anonymous_12)
FNDA:2,(anonymous_14)
FNDA:2,(anonymous_16)
DA:1,1
DA:2,1
DA:6,2
DA:10,2
DA:14,2
DA:18,2
DA:22,2
DA:23,2
DA:24,1
DA:29,1
LF:10
LH:10
BRDA:23,0,0,1
BRF:1
BRH:1
end_of_record
TN:
SF:src/database/repositories/session.repository.ts
FN:6,(anonymous_8)
FN:10,(anonymous_10)
FN:14,(anonymous_12)
FN:18,(anonymous_14)
FN:22,(anonymous_16)
FNF:5
FNH:5
FNDA:2,(anonymous_8)
FNDA:2,(anonymous_10)
FNDA:2,(anonymous_12)
FNDA:2,(anonymous_14)
FNDA:2,(anonymous_16)
DA:1,1
DA:2,1
DA:7,2
DA:11,2
DA:15,2
DA:19,2
DA:23,2
DA:24,2
DA:25,1
DA:30,1
LF:10
LH:10
BRDA:24,0,0,1
BRF:1
BRH:1
end_of_record
TN:
SF:src/database/repositories/teacher.repository.ts
FN:6,(anonymous_8)
FN:10,(anonymous_10)
FN:14,(anonymous_12)
FN:18,(anonymous_14)
FN:22,(anonymous_16)
FNF:5
FNH:4
FNDA:1,(anonymous_8)
FNDA:1,(anonymous_10)
FNDA:1,(anonymous_12)
FNDA:1,(anonymous_14)
FNDA:0,(anonymous_16)
DA:1,1
DA:2,1
DA:7,1
DA:11,1
DA:15,1
DA:19,1
DA:23,0
DA:24,0
DA:25,0
DA:30,1
LF:10
LH:7
BRDA:24,0,0,0
BRF:1
BRH:0
end_of_record
TN:
SF:src/database/repositories/user_role.repository.ts
FN:6,(anonymous_8)
FN:10,(anonymous_10)
FN:14,(anonymous_12)
FN:18,(anonymous_14)
FN:22,(anonymous_16)
FNF:5
FNH:0
FNDA:0,(anonymous_8)
FNDA:0,(anonymous_10)
FNDA:0,(anonymous_12)
FNDA:0,(anonymous_14)
FNDA:0,(anonymous_16)
DA:1,1
DA:2,1
DA:7,0
DA:11,0
DA:15,0
DA:19,0
DA:23,0
DA:24,0
DA:25,0
DA:30,1
LF:10
LH:3
BRDA:24,0,0,0
BRF:1
BRH:0
end_of_record
TN:
SF:src/services/chapter.service.ts
FN:5,(anonymous_8)
FN:16,(anonymous_10)
FN:29,(anonymous_12)
FN:39,(anonymous_14)
FN:52,(anonymous_16)
FNF:5
FNH:5
FNDA:1,(anonymous_8)
FNDA:1,(anonymous_10)
FNDA:1,(anonymous_12)
FNDA:2,(anonymous_14)
FNDA:1,(anonymous_16)
DA:1,1
DA:2,1
DA:6,1
DA:7,1
DA:17,1
DA:18,1
DA:19,0
DA:21,1
DA:30,1
DA:31,1
DA:40,2
DA:41,2
DA:42,1
DA:44,1
DA:53,1
DA:54,1
DA:61,1
LF:17
LH:16
BRDA:18,0,0,0
BRDA:41,1,0,1
BRF:2
BRH:1
end_of_record
TN:
SF:src/services/comment.service.ts
FN:5,(anonymous_8)
FN:16,(anonymous_10)
FN:29,(anonymous_12)
FN:39,(anonymous_14)
FN:52,(anonymous_16)
FNF:5
FNH:5
FNDA:2,(anonymous_8)
FNDA:2,(anonymous_10)
FNDA:2,(anonymous_12)
FNDA:2,(anonymous_14)
FNDA:2,(anonymous_16)
DA:1,1
DA:2,1
DA:6,2
DA:7,1
DA:17,2
DA:18,2
DA:19,1
DA:21,1
DA:30,2
DA:31,1
DA:40,2
DA:41,2
DA:42,1
DA:44,1
DA:53,2
DA:54,2
DA:55,1
DA:57,1
DA:64,1
LF:19
LH:19
BRDA:18,0,0,1
BRDA:41,1,0,1
BRDA:54,2,0,1
BRF:3
BRH:3
end_of_record
TN:
SF:src/services/course.service.ts
FN:5,(anonymous_8)
FN:16,(anonymous_10)
FN:29,(anonymous_12)
FN:39,(anonymous_14)
FN:52,(anonymous_16)
FNF:5
FNH:5
FNDA:2,(anonymous_8)
FNDA:2,(anonymous_10)
FNDA:2,(anonymous_12)
FNDA:2,(anonymous_14)
FNDA:2,(anonymous_16)
DA:1,1
DA:2,1
DA:6,2
DA:7,1
DA:17,2
DA:18,2
DA:19,1
DA:21,1
DA:30,2
DA:31,1
DA:40,2
DA:41,2
DA:42,1
DA:44,1
DA:53,2
DA:54,1
DA:61,1
LF:17
LH:17
BRDA:18,0,0,1
BRDA:41,1,0,1
BRF:2
BRH:2
end_of_record
TN:
SF:src/services/lesson.service.ts
FN:6,(anonymous_8)
FN:17,(anonymous_10)
FN:29,(anonymous_12)
FN:39,(anonymous_14)
FN:54,(anonymous_16)
FNF:5
FNH:5
FNDA:2,(anonymous_8)
FNDA:2,(anonymous_10)
FNDA:2,(anonymous_12)
FNDA:2,(anonymous_14)
FNDA:2,(anonymous_16)
DA:2,1
DA:3,1
DA:7,2
DA:8,1
DA:18,2
DA:19,2
DA:20,1
DA:22,1
DA:30,2
DA:31,1
DA:43,2
DA:44,2
DA:45,1
DA:47,1
DA:55,2
DA:56,1
DA:63,1
LF:17
LH:17
BRDA:19,0,0,1
BRDA:44,1,0,1
BRF:2
BRH:2
end_of_record
TN:
SF:src/services/magazine.service.ts
FN:5,(anonymous_8)
FN:16,(anonymous_10)
FN:29,(anonymous_12)
FN:39,(anonymous_14)
FN:52,(anonymous_16)
FNF:5
FNH:5
FNDA:2,(anonymous_8)
FNDA:2,(anonymous_10)
FNDA:2,(anonymous_12)
FNDA:2,(anonymous_14)
FNDA:2,(anonymous_16)
DA:1,1
DA:2,1
DA:6,2
DA:7,1
DA:17,2
DA:18,2
DA:19,1
DA:21,1
DA:30,2
DA:31,1
DA:40,2
DA:41,2
DA:42,1
DA:44,1
DA:53,2
DA:55,1
DA:62,1
LF:17
LH:17
BRDA:18,0,0,1
BRDA:41,1,0,1
BRF:2
BRH:2
end_of_record
TN:
SF:src/services/session.service.ts
FN:5,(anonymous_8)
FN:16,(anonymous_10)
FN:29,(anonymous_12)
FN:39,(anonymous_14)
FN:52,(anonymous_16)
FNF:5
FNH:5
FNDA:2,(anonymous_8)
FNDA:2,(anonymous_10)
FNDA:2,(anonymous_12)
FNDA:2,(anonymous_14)
FNDA:2,(anonymous_16)
DA:1,1
DA:2,1
DA:6,2
DA:7,1
DA:17,2
DA:18,2
DA:19,1
DA:21,1
DA:30,2
DA:31,1
DA:40,2
DA:41,2
DA:42,1
DA:44,1
DA:53,2
DA:55,1
DA:62,1
LF:17
LH:17
BRDA:18,0,0,1
BRDA:41,1,0,1
BRF:2
BRH:2
end_of_record
TN:
SF:src/services/teacher.service.ts
FN:5,(anonymous_8)
FN:16,(anonymous_10)
FN:29,(anonymous_12)
FN:39,(anonymous_14)
FN:52,(anonymous_16)
FNF:5
FNH:4
FNDA:1,(anonymous_8)
FNDA:1,(anonymous_10)
FNDA:1,(anonymous_12)
FNDA:1,(anonymous_14)
FNDA:0,(anonymous_16)
DA:1,1
DA:2,1
DA:6,1
DA:7,1
DA:17,1
DA:18,1
DA:19,0
DA:21,1
DA:30,1
DA:31,1
DA:40,1
DA:41,1
DA:42,0
DA:44,1
DA:53,0
DA:55,0
DA:61,1
LF:17
LH:13
BRDA:18,0,0,0
BRDA:41,1,0,0
BRF:2
BRH:0
end_of_record
TN:
SF:src/services/user_role.service.ts
FN:5,(anonymous_8)
FN:16,(anonymous_10)
FN:29,(anonymous_12)
FN:39,(anonymous_14)
FN:52,(anonymous_16)
FNF:5
FNH:5
FNDA:1,(anonymous_8)
FNDA:1,(anonymous_10)
FNDA:1,(anonymous_12)
FNDA:1,(anonymous_14)
FNDA:1,(anonymous_16)
DA:1,1
DA:2,1
DA:6,1
DA:7,1
DA:17,1
DA:18,1
DA:19,0
DA:21,1
DA:30,1
DA:31,1
DA:40,1
DA:41,1
DA:42,0
DA:44,1
DA:53,1
DA:54,1
DA:61,1
LF:17
LH:15
BRDA:18,0,0,0
BRDA:41,1,0,0
BRF:2
BRH:0
end_of_record
TN:
SF:src/utils/AppError.ts
FN:3,(anonymous_0)
FNF:1
FNH:1
FNDA:42,(anonymous_0)
DA:2,9
DA:3,42
DA:4,42
DA:5,42
DA:6,42
LF:5
LH:5
BRF:0
BRH:0
end_of_record
